2022-12-22 14:27:54.905 [info] Added views:workbench.panel.markers.view in workbench.panel.markers
2022-12-22 14:27:54.905 [info] Added views:workbench.panel.output in workbench.panel.output
2022-12-22 14:27:54.905 [info] Added views:terminal in terminal
2022-12-22 14:27:54.905 [info] Added views:outline in workbench.view.explorer
2022-12-22 14:27:54.905 [info] Added views:workbench.scm in workbench.view.scm
2022-12-22 14:27:54.905 [info] Added views:workbench.view.search in workbench.view.search
2022-12-22 14:27:54.905 [info] Added views:timeline in workbench.view.explorer
2022-12-22 14:27:54.905 [info] Added views:workbench.explorer.emptyView in workbench.view.explorer
2022-12-22 14:27:54.977 [info] Added views:workbench.debug.variablesView,workbench.debug.watchExpressionsView,workbench.debug.callStackView,workbench.debug.breakPointsView in workbench.view.debug
2022-12-22 14:27:55.681 [info] Added views:gitlens.views.home in workbench.view.extension.gitlens
2022-12-22 14:27:55.688 [info] Added views:gitlens.views.commits,gitlens.views.commitDetails,gitlens.views.fileHistory,gitlens.views.branches,gitlens.views.remotes,gitlens.views.stashes,gitlens.views.tags,gitlens.views.searchAndCompare in workbench.view.scm
2022-12-22 14:27:55.711 [info] Added views:cell-tag in workbench.view.extension.jupyter
2022-12-22 14:27:56.128 [info] Added views:workbench.panel.repl.view in workbench.panel.repl
2022-12-22 14:27:56.130 [info] Removed views:workbench.debug.breakPointsView,workbench.debug.callStackView,workbench.debug.watchExpressionsView,workbench.debug.variablesView from workbench.view.debug
2022-12-22 14:27:56.131 [info] Added views:workbench.debug.welcome in workbench.view.debug
2022-12-22 14:27:56.357 [info] Added views:workbench.panel.comments in workbench.panel.comments
2022-12-22 14:27:57.457 [info] Removed views:gitlens.views.searchAndCompare,gitlens.views.tags,gitlens.views.stashes,gitlens.views.remotes,gitlens.views.branches,gitlens.views.fileHistory,gitlens.views.commitDetails,gitlens.views.commits from workbench.view.scm
2022-12-22 14:27:57.674 [info] Added views:tabnine-home in workbench.view.extension.tabnine-access
2022-12-22 14:27:57.677 [info] Added views:tabnine-notifications in workbench.view.extension.tabnine-access
2022-12-22 14:27:57.682 [info] Added views:tabnine-today in workbench.view.extension.tabnine-access
