2023-01-04 11:11:42.348 [info] Reading sessions from keychain...
2023-01-04 11:11:42.348 [info] Getting sessions for user:email...
2023-01-04 11:11:42.348 [info] Getting sessions for all scopes...
2023-01-04 11:11:42.348 [info] Got stored sessions!
2023-01-04 11:11:42.348 [info] Got 1 verified sessions.
2023-01-04 11:11:42.348 [info] Got 1 sessions for user:email...
2023-01-04 11:11:42.348 [info] Got 1 sessions for ...
2023-01-04 11:11:42.445 [info] Getting sessions for all scopes...
2023-01-04 11:11:42.445 [info] Got 1 sessions for ...
2023-01-04 12:26:59.797 [info] Reading sessions from keychain...
2023-01-04 12:26:59.797 [info] Getting sessions for user:email...
2023-01-04 12:26:59.797 [info] Getting sessions for all scopes...
2023-01-04 12:26:59.797 [info] Got stored sessions!
2023-01-04 12:26:59.797 [info] Got 1 verified sessions.
2023-01-04 12:26:59.797 [info] Got 1 sessions for user:email...
2023-01-04 12:26:59.798 [info] Got 1 sessions for ...
2023-01-04 12:26:59.904 [info] Getting sessions for all scopes...
2023-01-04 12:26:59.904 [info] Got 1 sessions for ...
2023-01-04 12:27:00.028 [info] Getting sessions for all scopes...
2023-01-04 12:27:00.028 [info] Got 1 sessions for ...
