2022-12-21 17:40:56.974 [info] Extension host with pid 16407 started
2022-12-21 17:40:56.974 [info] Skipping acquiring lock for /home/prado/.config/Code/User/workspaceStorage/da6a9dfd1ca40119dcb26848b66d4040.
2022-12-21 17:40:57.084 [info] ExtensionService#_doActivateExtension vscode.html-language-features, startup: false, activationEvent: 'onLanguage:html'
2022-12-21 17:40:57.084 [info] ExtensionService#_doActivateExtension vscode.microsoft-authentication, startup: false, activationEvent: 'onAuthenticationRequest:microsoft'
2022-12-21 17:40:57.085 [info] ExtensionService#_doActivateExtension vscode.git-base, startup: true, activationEvent: '*', root cause: vscode.git
2022-12-21 17:40:57.085 [info] ExtensionService#_doActivateExtension formulahendry.auto-rename-tag, startup: true, activationEvent: '*'
2022-12-21 17:40:57.085 [info] ExtensionService#_doActivateExtension naumovs.color-highlight, startup: true, activationEvent: '*'
2022-12-21 17:40:57.085 [info] ExtensionService#_doActivateExtension TabNine.tabnine-vscode, startup: true, activationEvent: '*'
2022-12-21 17:40:57.421 [info] ExtensionService#_doActivateExtension vscode.git, startup: true, activationEvent: '*'
2022-12-21 17:40:57.421 [info] ExtensionService#_doActivateExtension vscode.github, startup: true, activationEvent: '*'
2022-12-21 17:40:57.465 [info] Extension host with pid 16442 started
2022-12-21 17:40:57.465 [info] Skipping acquiring lock for /home/prado/.config/Code/User/workspaceStorage/da6a9dfd1ca40119dcb26848b66d4040.
2022-12-21 17:40:57.512 [info] ExtensionService#_doActivateExtension vscode.configuration-editing, startup: false, activationEvent: 'onLanguage:jsonc'
2022-12-21 17:40:57.512 [info] ExtensionService#_doActivateExtension vscode.json-language-features, startup: false, activationEvent: 'onLanguage:jsonc'
2022-12-21 17:40:57.512 [info] ExtensionService#_doActivateExtension vscode.typescript-language-features, startup: false, activationEvent: 'onLanguage:jsonc'
2022-12-21 17:40:57.513 [info] ExtensionService#_doActivateExtension dbaeumer.vscode-eslint, startup: false, activationEvent: 'onLanguage:jsonc'
2022-12-21 17:40:57.513 [info] ExtensionService#_doActivateExtension streetsidesoftware.code-spell-checker, startup: false, activationEvent: 'onLanguage:jsonc'
2022-12-21 17:40:57.533 [info] ExtensionService#_doActivateExtension asvetliakov.vscode-neovim, startup: true, activationEvent: '*'
2022-12-21 17:40:57.716 [info] Eager extensions activated
2022-12-21 17:40:57.807 [info] Eager extensions activated
2022-12-21 17:40:57.907 [info] ExtensionService#_doActivateExtension vscode.github-authentication, startup: false, activationEvent: 'onAuthenticationRequest:github'
2022-12-21 17:40:57.907 [info] ExtensionService#_doActivateExtension vscode.debug-auto-launch, startup: false, activationEvent: 'onStartupFinished'
2022-12-21 17:40:57.908 [info] ExtensionService#_doActivateExtension vscode.emmet, startup: false, activationEvent: 'onStartupFinished'
2022-12-21 17:40:57.908 [info] ExtensionService#_doActivateExtension vscode.merge-conflict, startup: false, activationEvent: 'onStartupFinished'
2022-12-21 17:40:57.908 [info] ExtensionService#_doActivateExtension eamodio.gitlens, startup: false, activationEvent: 'onStartupFinished'
2022-12-21 17:40:57.908 [info] ExtensionService#_doActivateExtension vscode.npm, startup: false, activationEvent: 'onStartupFinished', root cause: esbenp.prettier-vscode
2022-12-21 17:40:57.908 [info] ExtensionService#_doActivateExtension PKief.material-icon-theme, startup: false, activationEvent: 'onStartupFinished'
2022-12-21 17:40:57.909 [info] ExtensionService#_doActivateExtension zhuangtongfa.material-theme, startup: false, activationEvent: 'onStartupFinished'
2022-12-21 17:40:58.425 [info] ExtensionService#_doActivateExtension streetsidesoftware.code-spell-checker-portuguese, startup: false, activationEvent: 'onStartupFinished'
2022-12-21 17:40:58.425 [info] ExtensionService#_doActivateExtension streetsidesoftware.code-spell-checker-portuguese-brazilian, startup: false, activationEvent: 'onStartupFinished'
2022-12-21 17:40:58.428 [info] ExtensionService#_doActivateExtension esbenp.prettier-vscode, startup: false, activationEvent: 'onStartupFinished'
2022-12-21 17:41:02.755 [info] Extension host terminating: received terminate message from renderer
2022-12-21 17:41:02.758 [info] Extension host with pid 16442 exiting with code 0
2022-12-21 17:41:02.763 [info] Extension host terminating: received terminate message from renderer
2022-12-21 17:41:02.824 [error] Error: read ECONNRESET
    at Pipe.onStreamRead (node:internal/stream_base_commons:217:20)
2022-12-21 17:41:03.711 [info] Extension host with pid 16407 exiting with code 0
