2023-01-03 12:35:52.171 [info] Extension host with pid 39054 started
2023-01-03 12:35:52.171 [info] Skipping acquiring lock for /home/prado/.config/Code/User/workspaceStorage/2989dad35abb510a5b4bbf42aa62798c.
2023-01-03 12:35:52.422 [info] ExtensionService#_doActivateExtension vscode.html-language-features, startup: false, activationEvent: 'onLanguage:html'
2023-01-03 12:35:52.422 [info] ExtensionService#_doActivateExtension vscode.microsoft-authentication, startup: false, activationEvent: 'onAuthenticationRequest:microsoft'
2023-01-03 12:35:52.423 [info] ExtensionService#_doActivateExtension vscode.git-base, startup: true, activationEvent: '*', root cause: vscode.git
2023-01-03 12:35:52.423 [info] ExtensionService#_doActivateExtension formulahendry.auto-rename-tag, startup: true, activationEvent: '*'
2023-01-03 12:35:52.423 [info] ExtensionService#_doActivateExtension naumovs.color-highlight, startup: true, activationEvent: '*'
2023-01-03 12:35:52.423 [info] ExtensionService#_doActivateExtension TabNine.tabnine-vscode, startup: true, activationEvent: '*'
2023-01-03 12:35:52.561 [info] Extension host with pid 39089 started
2023-01-03 12:35:52.561 [info] Skipping acquiring lock for /home/prado/.config/Code/User/workspaceStorage/2989dad35abb510a5b4bbf42aa62798c.
2023-01-03 12:35:52.607 [info] ExtensionService#_doActivateExtension asvetliakov.vscode-neovim, startup: true, activationEvent: '*'
2023-01-03 12:35:52.723 [info] ExtensionService#_doActivateExtension vscode.git, startup: true, activationEvent: '*'
2023-01-03 12:35:52.723 [info] ExtensionService#_doActivateExtension vscode.github, startup: true, activationEvent: '*'
2023-01-03 12:35:52.806 [info] Eager extensions activated
2023-01-03 12:35:52.895 [info] ExtensionService#_doActivateExtension vscode.configuration-editing, startup: false, activationEvent: 'onLanguage:jsonc'
2023-01-03 12:35:52.896 [info] ExtensionService#_doActivateExtension vscode.json-language-features, startup: false, activationEvent: 'onLanguage:jsonc'
2023-01-03 12:35:52.896 [info] ExtensionService#_doActivateExtension vscode.typescript-language-features, startup: false, activationEvent: 'onLanguage:jsonc'
2023-01-03 12:35:52.896 [info] ExtensionService#_doActivateExtension dbaeumer.vscode-eslint, startup: false, activationEvent: 'onLanguage:jsonc'
2023-01-03 12:35:52.896 [info] ExtensionService#_doActivateExtension streetsidesoftware.code-spell-checker, startup: false, activationEvent: 'onLanguage:jsonc'
2023-01-03 12:35:53.079 [info] Eager extensions activated
2023-01-03 12:35:53.299 [info] ExtensionService#_doActivateExtension vscode.debug-auto-launch, startup: false, activationEvent: 'onStartupFinished'
2023-01-03 12:35:53.299 [info] ExtensionService#_doActivateExtension vscode.emmet, startup: false, activationEvent: 'onStartupFinished'
2023-01-03 12:35:53.299 [info] ExtensionService#_doActivateExtension vscode.merge-conflict, startup: false, activationEvent: 'onStartupFinished'
2023-01-03 12:35:53.300 [info] ExtensionService#_doActivateExtension eamodio.gitlens, startup: false, activationEvent: 'onStartupFinished'
2023-01-03 12:35:53.300 [info] ExtensionService#_doActivateExtension vscode.npm, startup: false, activationEvent: 'onStartupFinished', root cause: esbenp.prettier-vscode
2023-01-03 12:35:53.301 [info] ExtensionService#_doActivateExtension PKief.material-icon-theme, startup: false, activationEvent: 'onStartupFinished'
2023-01-03 12:35:53.301 [info] ExtensionService#_doActivateExtension zhuangtongfa.material-theme, startup: false, activationEvent: 'onStartupFinished'
2023-01-03 12:35:53.301 [info] ExtensionService#_doActivateExtension vscode.github-authentication, startup: false, activationEvent: 'onAuthenticationRequest:github'
2023-01-03 12:35:54.964 [info] ExtensionService#_doActivateExtension streetsidesoftware.code-spell-checker-portuguese, startup: false, activationEvent: 'onStartupFinished'
2023-01-03 12:35:54.964 [info] ExtensionService#_doActivateExtension streetsidesoftware.code-spell-checker-portuguese-brazilian, startup: false, activationEvent: 'onStartupFinished'
2023-01-03 12:35:55.049 [info] ExtensionService#_doActivateExtension esbenp.prettier-vscode, startup: false, activationEvent: 'onStartupFinished'
2023-01-03 15:26:44.948 [info] Extension host terminating: received terminate message from renderer
2023-01-03 15:26:44.958 [info] Extension host with pid 39089 exiting with code 0
2023-01-03 15:26:44.969 [info] Extension host terminating: received terminate message from renderer
2023-01-03 15:26:45.882 [info] Extension host with pid 39054 exiting with code 0
