2023-01-03 12:30:40.602 [info] Added views:workbench.panel.markers.view in workbench.panel.markers
2023-01-03 12:30:40.602 [info] Added views:workbench.panel.output in workbench.panel.output
2023-01-03 12:30:40.602 [info] Added views:terminal in terminal
2023-01-03 12:30:40.602 [info] Added views:outline in workbench.view.explorer
2023-01-03 12:30:40.602 [info] Added views:workbench.scm in workbench.view.scm
2023-01-03 12:30:40.602 [info] Added views:workbench.view.search in workbench.view.search
2023-01-03 12:30:40.602 [info] Added views:timeline in workbench.view.explorer
2023-01-03 12:30:40.602 [info] Added views:workbench.explorer.emptyView in workbench.view.explorer
2023-01-03 12:30:40.644 [info] Added views:workbench.debug.welcome in workbench.view.debug
2023-01-03 12:30:41.162 [info] Added views:gitlens.views.home in workbench.view.extension.gitlens
2023-01-03 12:30:41.164 [info] Added views:gitlens.views.commits,gitlens.views.commitDetails,gitlens.views.fileHistory,gitlens.views.branches,gitlens.views.remotes,gitlens.views.stashes,gitlens.views.tags,gitlens.views.searchAndCompare in workbench.view.scm
2023-01-03 12:30:41.166 [info] Added views:cell-tag in workbench.view.extension.jupyter
2023-01-03 12:30:41.758 [info] Added views:workbench.panel.repl.view in workbench.panel.repl
2023-01-03 12:30:42.095 [info] Added views:workbench.panel.comments in workbench.panel.comments
2023-01-03 12:30:43.293 [info] Removed views:gitlens.views.searchAndCompare,gitlens.views.tags,gitlens.views.stashes,gitlens.views.remotes,gitlens.views.branches,gitlens.views.fileHistory,gitlens.views.commitDetails,gitlens.views.commits from workbench.view.scm
2023-01-03 12:30:45.672 [info] Added views:tabnine-home in workbench.view.extension.tabnine-access
2023-01-03 12:30:45.673 [info] Added views:tabnine-notifications in workbench.view.extension.tabnine-access
2023-01-03 12:30:45.674 [info] Added views:tabnine-today in workbench.view.extension.tabnine-access
2023-01-03 12:31:01.789 [info] Added views:workbench.panel.markers.view in workbench.panel.markers
2023-01-03 12:31:01.789 [info] Added views:workbench.panel.output in workbench.panel.output
2023-01-03 12:31:01.789 [info] Added views:terminal in terminal
2023-01-03 12:31:01.789 [info] Added views:outline in workbench.view.explorer
2023-01-03 12:31:01.789 [info] Added views:workbench.scm in workbench.view.scm
2023-01-03 12:31:01.789 [info] Added views:workbench.view.search in workbench.view.search
2023-01-03 12:31:01.789 [info] Added views:timeline in workbench.view.explorer
2023-01-03 12:31:01.789 [info] Added views:workbench.explorer.fileView in workbench.view.explorer
2023-01-03 12:31:01.789 [info] Added views:workbench.debug.variablesView,workbench.debug.watchExpressionsView,workbench.debug.callStackView,workbench.debug.breakPointsView in workbench.view.debug
2023-01-03 12:31:02.228 [info] Added views:gitlens.views.home in workbench.view.extension.gitlens
2023-01-03 12:31:02.229 [info] Added views:gitlens.views.commits,gitlens.views.commitDetails,gitlens.views.fileHistory,gitlens.views.branches,gitlens.views.remotes,gitlens.views.stashes,gitlens.views.tags,gitlens.views.searchAndCompare in workbench.view.scm
2023-01-03 12:31:02.765 [info] Added views:workbench.panel.repl.view in workbench.panel.repl
2023-01-03 12:31:02.773 [info] Removed views:workbench.debug.breakPointsView,workbench.debug.callStackView,workbench.debug.watchExpressionsView,workbench.debug.variablesView from workbench.view.debug
2023-01-03 12:31:02.773 [info] Added views:workbench.debug.welcome in workbench.view.debug
2023-01-03 12:31:02.898 [info] Added views:workbench.panel.comments in workbench.panel.comments
2023-01-03 12:31:03.274 [info] Added views:gitlens.views.timeline in workbench.view.extension.gitlensPanel
2023-01-03 12:31:03.279 [info] Added views:gitlens.views.worktrees in workbench.view.scm
2023-01-03 12:31:03.299 [info] Removed views:gitlens.views.searchAndCompare,gitlens.views.worktrees,gitlens.views.tags,gitlens.views.stashes,gitlens.views.remotes,gitlens.views.branches,gitlens.views.fileHistory,gitlens.views.commitDetails,gitlens.views.commits from workbench.view.scm
2023-01-03 12:31:03.299 [info] Removed views:gitlens.views.timeline from workbench.view.extension.gitlensPanel
2023-01-03 12:31:05.468 [info] Added views:cell-tag in workbench.view.extension.jupyter
2023-01-03 12:31:09.529 [info] Added views:tabnine-home in workbench.view.extension.tabnine-access
2023-01-03 12:31:09.531 [info] Added views:tabnine-notifications in workbench.view.extension.tabnine-access
2023-01-03 12:31:09.533 [info] Added views:tabnine-today in workbench.view.extension.tabnine-access
