2023-01-04 15:24:52.496 [info] Extension host with pid 37729 started
2023-01-04 15:24:52.496 [info] Skipping acquiring lock for /home/prado/.config/Code/User/workspaceStorage/08075a22aa57f7725ebb794905ba0701.
2023-01-04 15:24:52.566 [info] ExtensionService#_doActivateExtension vscode.microsoft-authentication, startup: false, activationEvent: 'onAuthenticationRequest:microsoft'
2023-01-04 15:24:52.566 [info] ExtensionService#_doActivateExtension vscode.git-base, startup: true, activationEvent: '*', root cause: vscode.git
2023-01-04 15:24:52.566 [info] ExtensionService#_doActivateExtension formulahendry.auto-rename-tag, startup: true, activationEvent: '*'
2023-01-04 15:24:52.567 [info] ExtensionService#_doActivateExtension naumovs.color-highlight, startup: true, activationEvent: '*'
2023-01-04 15:24:52.567 [info] ExtensionService#_doActivateExtension TabNine.tabnine-vscode, startup: true, activationEvent: '*'
2023-01-04 15:24:52.636 [info] Extension host with pid 37761 started
2023-01-04 15:24:52.636 [info] Skipping acquiring lock for /home/prado/.config/Code/User/workspaceStorage/08075a22aa57f7725ebb794905ba0701.
2023-01-04 15:24:52.687 [info] ExtensionService#_doActivateExtension asvetliakov.vscode-neovim, startup: true, activationEvent: '*'
2023-01-04 15:24:52.796 [info] ExtensionService#_doActivateExtension vscode.git, startup: true, activationEvent: '*'
2023-01-04 15:24:52.797 [info] ExtensionService#_doActivateExtension vscode.github, startup: true, activationEvent: '*'
2023-01-04 15:24:52.798 [info] Eager extensions activated
2023-01-04 15:24:52.864 [info] ExtensionService#_doActivateExtension vscode.configuration-editing, startup: false, activationEvent: 'onLanguage:jsonc'
2023-01-04 15:24:52.865 [info] ExtensionService#_doActivateExtension vscode.json-language-features, startup: false, activationEvent: 'onLanguage:jsonc'
2023-01-04 15:24:52.865 [info] ExtensionService#_doActivateExtension vscode.typescript-language-features, startup: false, activationEvent: 'onLanguage:jsonc'
2023-01-04 15:24:52.865 [info] ExtensionService#_doActivateExtension dbaeumer.vscode-eslint, startup: false, activationEvent: 'onLanguage:jsonc'
2023-01-04 15:24:52.865 [info] ExtensionService#_doActivateExtension streetsidesoftware.code-spell-checker, startup: false, activationEvent: 'onLanguage:jsonc'
2023-01-04 15:24:53.029 [info] ExtensionService#_doActivateExtension vscode.github-authentication, startup: false, activationEvent: 'onAuthenticationRequest:github'
2023-01-04 15:24:53.087 [info] Eager extensions activated
2023-01-04 15:24:53.133 [info] ExtensionService#_doActivateExtension vscode.debug-auto-launch, startup: false, activationEvent: 'onStartupFinished'
2023-01-04 15:24:53.133 [info] ExtensionService#_doActivateExtension vscode.emmet, startup: false, activationEvent: 'onStartupFinished'
2023-01-04 15:24:53.134 [info] ExtensionService#_doActivateExtension vscode.merge-conflict, startup: false, activationEvent: 'onStartupFinished'
2023-01-04 15:24:53.134 [info] ExtensionService#_doActivateExtension eamodio.gitlens, startup: false, activationEvent: 'onStartupFinished'
2023-01-04 15:24:53.134 [info] ExtensionService#_doActivateExtension vscode.npm, startup: false, activationEvent: 'onStartupFinished', root cause: esbenp.prettier-vscode
2023-01-04 15:24:53.135 [info] ExtensionService#_doActivateExtension PKief.material-icon-theme, startup: false, activationEvent: 'onStartupFinished'
2023-01-04 15:24:53.135 [info] ExtensionService#_doActivateExtension zhuangtongfa.material-theme, startup: false, activationEvent: 'onStartupFinished'
2023-01-04 15:24:53.547 [info] ExtensionService#_doActivateExtension streetsidesoftware.code-spell-checker-portuguese, startup: false, activationEvent: 'onStartupFinished'
2023-01-04 15:24:53.548 [info] ExtensionService#_doActivateExtension streetsidesoftware.code-spell-checker-portuguese-brazilian, startup: false, activationEvent: 'onStartupFinished'
2023-01-04 15:24:53.551 [info] ExtensionService#_doActivateExtension esbenp.prettier-vscode, startup: false, activationEvent: 'onStartupFinished'
2023-01-04 15:25:01.764 [info] ExtensionService#_doActivateExtension vscode.html-language-features, startup: false, activationEvent: 'onLanguage:html'
2023-01-04 15:25:04.495 [info] ExtensionService#_doActivateExtension VSpaceCode.whichkey, startup: false, activationEvent: 'onCommand:whichkey.show'
