2022-12-22 15:11:33.466 [info] Using settings sync service https://vscode-sync.trafficmanager.net/
2022-12-22 15:11:33.466 [info] Auto Sync is enabled.
2022-12-22 15:11:33.466 [info] Auto Sync: Suspended until auth token is available.
2022-12-22 15:11:35.772 [info] Auto Sync: Triggered by Interval
2022-12-22 15:11:35.773 [info] Sync started.
2022-12-22 15:11:37.207 [info] Profiles: No changes found during synchronizing profiles.
2022-12-22 15:11:37.263 [info] Settings: No changes found during synchronizing settings.
2022-12-22 15:11:37.275 [info] Keybindings: No changes found during synchronizing keybindings.
2022-12-22 15:11:37.285 [info] Snippets: No changes found during synchronizing snippets.
2022-12-22 15:11:37.288 [info] Tasks: No changes found during synchronizing tasks.
2022-12-22 15:11:37.295 [info] GlobalState: No changes found during synchronizing ui state.
2022-12-22 15:11:37.360 [info] Extensions: No changes found during synchronizing extensions.
2022-12-22 15:11:37.363 [info] Sync done. Took 1592ms
2022-12-22 15:11:51.533 [info] Auto Sync: Triggered by Activity
2022-12-22 15:11:51.534 [info] Sync started.
2022-12-22 15:11:52.245 [info] Profiles: No changes found during synchronizing profiles.
2022-12-22 15:11:53.424 [info] Settings: Updated remote settings
2022-12-22 15:11:53.449 [info] Settings: Updated last synchronized settings
2022-12-22 15:11:53.470 [info] Keybindings: No changes found during synchronizing keybindings.
2022-12-22 15:11:53.483 [info] Snippets: No changes found during synchronizing snippets.
2022-12-22 15:11:53.493 [info] Tasks: No changes found during synchronizing tasks.
2022-12-22 15:11:53.508 [info] GlobalState: No changes found during synchronizing ui state.
2022-12-22 15:11:53.607 [info] Extensions: No changes found during synchronizing extensions.
2022-12-22 15:11:53.616 [info] Sync done. Took 2090ms
2022-12-22 15:12:57.545 [info] Auto Sync: Triggered by Activity
2022-12-22 15:12:57.546 [info] Sync started.
2022-12-22 15:12:58.179 [info] Profiles: No changes found during synchronizing profiles.
2022-12-22 15:12:59.072 [info] Settings: Updated remote settings
2022-12-22 15:12:59.082 [info] Settings: Updated last synchronized settings
2022-12-22 15:12:59.092 [info] Keybindings: No changes found during synchronizing keybindings.
2022-12-22 15:12:59.098 [info] Snippets: No changes found during synchronizing snippets.
2022-12-22 15:12:59.105 [info] Tasks: No changes found during synchronizing tasks.
2022-12-22 15:12:59.114 [info] GlobalState: No changes found during synchronizing ui state.
2022-12-22 15:12:59.311 [info] Extensions: No changes found during synchronizing extensions.
2022-12-22 15:12:59.318 [info] Sync done. Took 1774ms
2022-12-22 15:13:05.676 [info] Auto Sync: Triggered by Activity
2022-12-22 15:13:05.676 [info] Sync started.
2022-12-22 15:13:06.121 [info] Profiles: No changes found during synchronizing profiles.
2022-12-22 15:13:06.977 [info] Settings: Updated remote settings
2022-12-22 15:13:06.986 [info] Settings: Updated last synchronized settings
2022-12-22 15:13:06.990 [info] Keybindings: No changes found during synchronizing keybindings.
2022-12-22 15:13:06.993 [info] Snippets: No changes found during synchronizing snippets.
2022-12-22 15:13:06.996 [info] Tasks: No changes found during synchronizing tasks.
2022-12-22 15:13:07.001 [info] GlobalState: No changes found during synchronizing ui state.
2022-12-22 15:13:07.088 [info] Extensions: No changes found during synchronizing extensions.
2022-12-22 15:13:07.095 [info] Sync done. Took 1421ms
2022-12-22 15:13:08.592 [info] Auto Sync: Triggered by Activity
2022-12-22 15:13:08.593 [info] Sync started.
2022-12-22 15:13:09.041 [info] Profiles: No changes found during synchronizing profiles.
2022-12-22 15:13:09.109 [info] Settings: No changes found during synchronizing settings.
2022-12-22 15:13:09.114 [info] Keybindings: No changes found during synchronizing keybindings.
2022-12-22 15:13:09.117 [info] Snippets: No changes found during synchronizing snippets.
2022-12-22 15:13:09.120 [info] Tasks: No changes found during synchronizing tasks.
2022-12-22 15:13:09.125 [info] GlobalState: No changes found during synchronizing ui state.
2022-12-22 15:13:09.206 [info] Extensions: No changes found during synchronizing extensions.
2022-12-22 15:13:09.209 [info] Sync done. Took 621ms
2022-12-22 15:13:23.536 [info] Auto Sync: Triggered by Activity
2022-12-22 15:13:23.537 [info] Sync started.
2022-12-22 15:13:24.096 [info] Profiles: No changes found during synchronizing profiles.
2022-12-22 15:13:24.213 [info] Settings: No changes found during synchronizing settings.
2022-12-22 15:13:24.217 [info] Keybindings: No changes found during synchronizing keybindings.
2022-12-22 15:13:24.222 [info] Snippets: No changes found during synchronizing snippets.
2022-12-22 15:13:24.226 [info] Tasks: No changes found during synchronizing tasks.
2022-12-22 15:13:24.230 [info] GlobalState: No changes found during synchronizing ui state.
2022-12-22 15:13:24.309 [info] Extensions: No changes found during synchronizing extensions.
2022-12-22 15:13:24.311 [info] Sync done. Took 779ms
2022-12-22 15:13:38.790 [info] Auto Sync: Triggered by Activity
2022-12-22 15:13:38.790 [info] Sync started.
2022-12-22 15:13:39.454 [info] Profiles: No changes found during synchronizing profiles.
2022-12-22 15:13:39.595 [info] Settings: No changes found during synchronizing settings.
2022-12-22 15:13:39.608 [info] Keybindings: No changes found during synchronizing keybindings.
2022-12-22 15:13:39.620 [info] Snippets: No changes found during synchronizing snippets.
2022-12-22 15:13:39.634 [info] Tasks: No changes found during synchronizing tasks.
2022-12-22 15:13:40.791 [info] GlobalState: Updated remote ui state. Updated: commandPalette.mru.cache,commandPalette.mru.counter.
2022-12-22 15:13:40.797 [info] GlobalState: Updated last synchronized ui state
2022-12-22 15:13:40.879 [info] Extensions: No changes found during synchronizing extensions.
2022-12-22 15:13:40.884 [info] Sync done. Took 2095ms
2022-12-22 15:14:02.112 [info] Auto Sync: Triggered by Activity
2022-12-22 15:14:02.113 [info] Sync started.
2022-12-22 15:14:02.690 [info] Profiles: No changes found during synchronizing profiles.
2022-12-22 15:14:02.753 [info] Settings: No changes found during synchronizing settings.
2022-12-22 15:14:02.758 [info] Keybindings: No changes found during synchronizing keybindings.
2022-12-22 15:14:02.762 [info] Snippets: No changes found during synchronizing snippets.
2022-12-22 15:14:02.766 [info] Tasks: No changes found during synchronizing tasks.
2022-12-22 15:14:02.770 [info] GlobalState: No changes found during synchronizing ui state.
2022-12-22 15:14:02.857 [info] Extensions: No changes found during synchronizing extensions.
2022-12-22 15:14:02.860 [info] Sync done. Took 751ms
2022-12-22 15:14:16.534 [info] Auto Sync: Triggered by Activity
2022-12-22 15:14:16.536 [info] Sync started.
2022-12-22 15:14:17.033 [info] Profiles: No changes found during synchronizing profiles.
2022-12-22 15:14:17.098 [info] Settings: No changes found during synchronizing settings.
2022-12-22 15:14:17.103 [info] Keybindings: No changes found during synchronizing keybindings.
2022-12-22 15:14:17.107 [info] Snippets: No changes found during synchronizing snippets.
2022-12-22 15:14:17.110 [info] Tasks: No changes found during synchronizing tasks.
2022-12-22 15:14:17.115 [info] GlobalState: No changes found during synchronizing ui state.
2022-12-22 15:14:17.234 [info] Extensions: No changes found during synchronizing extensions.
2022-12-22 15:14:17.238 [info] Sync done. Took 707ms
