2022-12-22 14:27:55.504 [info] Using settings sync service https://vscode-sync.trafficmanager.net/
2022-12-22 14:27:55.504 [info] Auto Sync is enabled.
2022-12-22 14:27:55.504 [info] Auto Sync: Suspended until auth token is available.
2022-12-22 14:27:57.583 [info] Auto Sync: Triggered by Interval
2022-12-22 14:27:57.584 [info] Sync started.
2022-12-22 14:27:59.411 [info] Profiles: No changes found during synchronizing profiles.
2022-12-22 14:27:59.506 [info] Settings: No changes found during synchronizing settings.
2022-12-22 14:27:59.523 [info] Keybindings: No changes found during synchronizing keybindings.
2022-12-22 14:27:59.528 [info] Snippets: No changes found during synchronizing snippets.
2022-12-22 14:27:59.532 [info] Tasks: No changes found during synchronizing tasks.
2022-12-22 14:28:00.926 [info] GlobalState: Updated remote ui state. Updated: workbench.statusbar.hidden,cpp.1.lastSessionDate,cpp.1.sessionCount,java.2.lastSessionDate,java.2.sessionCount,javascript.1.lastSessionDate,javascript.1.sessionCount,typescript.1.lastSessionDate,typescript.1.sessionCount.
2022-12-22 14:28:00.933 [info] GlobalState: Updated last synchronized ui state
2022-12-22 14:28:01.624 [info] Extensions: Updated remote extensions. Updated: ["eamodio.gitlens"].
2022-12-22 14:28:01.631 [info] Extensions: Updated last synchronized extensions.
2022-12-22 14:28:01.636 [info] Sync done. Took 4054ms
2022-12-22 14:28:09.223 [info] Auto Sync: Triggered by Activity
2022-12-22 14:28:09.223 [info] Sync started.
2022-12-22 14:28:09.702 [info] Profiles: No changes found during synchronizing profiles.
2022-12-22 14:28:09.811 [info] Settings: No changes found during synchronizing settings.
2022-12-22 14:28:09.867 [info] Keybindings: No changes found during synchronizing keybindings.
2022-12-22 14:28:09.873 [info] Snippets: No changes found during synchronizing snippets.
2022-12-22 14:28:09.877 [info] Tasks: No changes found during synchronizing tasks.
2022-12-22 14:28:11.086 [info] GlobalState: Updated remote ui state. Updated: commandPalette.mru.cache,commandPalette.mru.counter.
2022-12-22 14:28:11.094 [info] GlobalState: Updated last synchronized ui state
2022-12-22 14:28:11.187 [info] Extensions: No changes found during synchronizing extensions.
2022-12-22 14:28:11.190 [info] Sync done. Took 1970ms
2022-12-22 14:29:07.913 [info] Auto Sync: Triggered by Activity
2022-12-22 14:29:07.913 [info] Sync started.
2022-12-22 14:29:08.534 [info] Profiles: No changes found during synchronizing profiles.
2022-12-22 14:29:08.591 [info] Settings: No changes found during synchronizing settings.
2022-12-22 14:29:08.596 [info] Keybindings: No changes found during synchronizing keybindings.
2022-12-22 14:29:08.600 [info] Snippets: No changes found during synchronizing snippets.
2022-12-22 14:29:08.604 [info] Tasks: No changes found during synchronizing tasks.
2022-12-22 14:29:08.609 [info] GlobalState: No changes found during synchronizing ui state.
2022-12-22 14:29:08.716 [info] Extensions: No changes found during synchronizing extensions.
2022-12-22 14:29:08.719 [info] Sync done. Took 808ms
2022-12-22 14:34:08.723 [info] Auto Sync: Triggered by Interval
2022-12-22 14:34:08.723 [info] Sync started.
2022-12-22 14:34:09.752 [info] Profiles: No changes found during synchronizing profiles.
2022-12-22 14:34:09.796 [info] Settings: No changes found during synchronizing settings.
2022-12-22 14:34:09.801 [info] Keybindings: No changes found during synchronizing keybindings.
2022-12-22 14:34:09.806 [info] Snippets: No changes found during synchronizing snippets.
2022-12-22 14:34:09.809 [info] Tasks: No changes found during synchronizing tasks.
2022-12-22 14:34:09.815 [info] GlobalState: No changes found during synchronizing ui state.
2022-12-22 14:34:09.911 [info] Extensions: No changes found during synchronizing extensions.
2022-12-22 14:34:09.914 [info] Sync done. Took 1191ms
