2023-01-04 11:11:40.399 [info] Using settings sync service https://vscode-sync.trafficmanager.net/
2023-01-04 11:11:40.399 [info] Auto Sync is enabled.
2023-01-04 11:11:40.399 [info] Auto Sync: Suspended until auth token is available.
2023-01-04 11:11:42.351 [info] Auto Sync: Triggered by Interval
2023-01-04 11:11:42.351 [info] Sync started.
2023-01-04 11:11:43.729 [info] Profiles: No changes found during synchronizing profiles.
2023-01-04 11:11:43.852 [info] Settings: No changes found during synchronizing settings.
2023-01-04 11:11:43.870 [info] Keybindings: No changes found during synchronizing keybindings.
2023-01-04 11:11:43.884 [info] Snippets: No changes found during synchronizing snippets.
2023-01-04 11:11:43.888 [info] Tasks: No changes found during synchronizing tasks.
2023-01-04 11:11:45.269 [info] GlobalState: Updated remote ui state. Updated: cpp.1.lastSessionDate,cpp.1.sessionCount,java.2.lastSessionDate,java.2.sessionCount,javascript.1.lastSessionDate,javascript.1.sessionCount,typescript.1.lastSessionDate,typescript.1.sessionCount.
2023-01-04 11:11:45.277 [info] GlobalState: Updated last synchronized ui state
2023-01-04 11:11:45.351 [info] Extensions: No changes found during synchronizing extensions.
2023-01-04 11:11:45.353 [info] Sync done. Took 3005ms
2023-01-04 11:11:46.537 [info] Auto Sync: Triggered by Activity
2023-01-04 11:11:46.537 [info] Sync started.
2023-01-04 11:11:46.965 [info] Profiles: No changes found during synchronizing profiles.
2023-01-04 11:11:47.002 [info] Settings: No changes found during synchronizing settings.
2023-01-04 11:11:47.007 [info] Keybindings: No changes found during synchronizing keybindings.
2023-01-04 11:11:47.011 [info] Snippets: No changes found during synchronizing snippets.
2023-01-04 11:11:47.014 [info] Tasks: No changes found during synchronizing tasks.
2023-01-04 11:11:47.019 [info] GlobalState: No changes found during synchronizing ui state.
2023-01-04 11:11:47.109 [info] Extensions: No changes found during synchronizing extensions.
2023-01-04 11:11:47.112 [info] Sync done. Took 576ms
2023-01-04 11:16:47.116 [info] Auto Sync: Triggered by Interval
2023-01-04 11:16:47.116 [info] Sync started.
2023-01-04 11:16:48.425 [info] Profiles: No changes found during synchronizing profiles.
2023-01-04 11:16:48.482 [info] Settings: No changes found during synchronizing settings.
2023-01-04 11:16:48.487 [info] Keybindings: No changes found during synchronizing keybindings.
2023-01-04 11:16:48.491 [info] Snippets: No changes found during synchronizing snippets.
2023-01-04 11:16:48.494 [info] Tasks: No changes found during synchronizing tasks.
2023-01-04 11:16:48.502 [info] GlobalState: No changes found during synchronizing ui state.
2023-01-04 11:16:48.612 [info] Extensions: No changes found during synchronizing extensions.
2023-01-04 11:16:48.617 [info] Sync done. Took 1501ms
2023-01-04 11:21:48.621 [info] Auto Sync: Triggered by Interval
2023-01-04 11:21:48.621 [info] Sync started.
2023-01-04 11:21:50.355 [info] Profiles: No changes found during synchronizing profiles.
2023-01-04 11:21:50.410 [info] Settings: No changes found during synchronizing settings.
2023-01-04 11:21:50.415 [info] Keybindings: No changes found during synchronizing keybindings.
2023-01-04 11:21:50.420 [info] Snippets: No changes found during synchronizing snippets.
2023-01-04 11:21:50.424 [info] Tasks: No changes found during synchronizing tasks.
2023-01-04 11:21:50.429 [info] GlobalState: No changes found during synchronizing ui state.
2023-01-04 11:21:50.540 [info] Extensions: No changes found during synchronizing extensions.
2023-01-04 11:21:50.543 [info] Sync done. Took 1922ms
2023-01-04 11:25:08.816 [info] Auto Sync: Triggered by Activity
2023-01-04 11:25:08.817 [info] Sync started.
2023-01-04 11:25:11.400 [info] Profiles: No changes found during synchronizing profiles.
2023-01-04 11:25:11.454 [info] Settings: No changes found during synchronizing settings.
2023-01-04 11:25:11.460 [info] Keybindings: No changes found during synchronizing keybindings.
2023-01-04 11:25:11.463 [info] Snippets: No changes found during synchronizing snippets.
2023-01-04 11:25:11.467 [info] Tasks: No changes found during synchronizing tasks.
2023-01-04 11:25:11.472 [info] GlobalState: No changes found during synchronizing ui state.
2023-01-04 11:25:11.563 [info] Extensions: No changes found during synchronizing extensions.
2023-01-04 11:25:11.566 [info] Sync done. Took 2750ms
2023-01-04 11:26:06.571 [info] Auto Sync: Triggered by Activity
2023-01-04 11:26:06.571 [info] Sync started.
2023-01-04 11:26:07.141 [info] Profiles: No changes found during synchronizing profiles.
2023-01-04 11:26:07.194 [info] Settings: No changes found during synchronizing settings.
2023-01-04 11:26:07.200 [info] Keybindings: No changes found during synchronizing keybindings.
2023-01-04 11:26:07.204 [info] Snippets: No changes found during synchronizing snippets.
2023-01-04 11:26:07.207 [info] Tasks: No changes found during synchronizing tasks.
2023-01-04 11:26:07.213 [info] GlobalState: No changes found during synchronizing ui state.
2023-01-04 11:26:07.317 [info] Extensions: No changes found during synchronizing extensions.
2023-01-04 11:26:07.319 [info] Sync done. Took 749ms
2023-01-04 11:26:59.530 [info] Auto Sync: Triggered by Activity
2023-01-04 11:26:59.530 [info] Sync started.
2023-01-04 11:27:00.408 [info] Profiles: No changes found during synchronizing profiles.
2023-01-04 11:27:00.459 [info] Settings: No changes found during synchronizing settings.
2023-01-04 11:27:00.464 [info] Keybindings: No changes found during synchronizing keybindings.
2023-01-04 11:27:00.468 [info] Snippets: No changes found during synchronizing snippets.
2023-01-04 11:27:00.471 [info] Tasks: No changes found during synchronizing tasks.
2023-01-04 11:27:00.476 [info] GlobalState: No changes found during synchronizing ui state.
2023-01-04 11:27:00.571 [info] Extensions: No changes found during synchronizing extensions.
2023-01-04 11:27:00.573 [info] Sync done. Took 1044ms
2023-01-04 11:32:00.577 [info] Auto Sync: Triggered by Interval
2023-01-04 11:32:00.577 [info] Sync started.
2023-01-04 11:32:20.889 [info] Profiles: No changes found during synchronizing profiles.
2023-01-04 11:32:20.944 [info] Settings: No changes found during synchronizing settings.
2023-01-04 11:32:20.949 [info] Keybindings: No changes found during synchronizing keybindings.
2023-01-04 11:32:20.953 [info] Snippets: No changes found during synchronizing snippets.
2023-01-04 11:32:20.956 [info] Tasks: No changes found during synchronizing tasks.
2023-01-04 11:32:20.961 [info] GlobalState: No changes found during synchronizing ui state.
2023-01-04 11:32:21.064 [info] Extensions: No changes found during synchronizing extensions.
2023-01-04 11:32:21.067 [info] Sync done. Took 20491ms
2023-01-04 11:37:21.068 [info] Auto Sync: Triggered by Interval
2023-01-04 11:37:21.068 [info] Sync started.
2023-01-04 11:37:23.341 [info] Profiles: No changes found during synchronizing profiles.
2023-01-04 11:37:23.394 [info] Settings: No changes found during synchronizing settings.
2023-01-04 11:37:23.399 [info] Keybindings: No changes found during synchronizing keybindings.
2023-01-04 11:37:23.402 [info] Snippets: No changes found during synchronizing snippets.
2023-01-04 11:37:23.406 [info] Tasks: No changes found during synchronizing tasks.
2023-01-04 11:37:23.412 [info] GlobalState: No changes found during synchronizing ui state.
2023-01-04 11:37:23.509 [info] Extensions: No changes found during synchronizing extensions.
2023-01-04 11:37:23.512 [info] Sync done. Took 2444ms
2023-01-04 11:42:23.513 [info] Auto Sync: Triggered by Interval
2023-01-04 11:42:23.514 [info] Sync started.
2023-01-04 11:42:35.601 [info] Profiles: No changes found during synchronizing profiles.
2023-01-04 11:42:35.662 [info] Settings: No changes found during synchronizing settings.
2023-01-04 11:42:35.666 [info] Keybindings: No changes found during synchronizing keybindings.
2023-01-04 11:42:35.671 [info] Snippets: No changes found during synchronizing snippets.
2023-01-04 11:42:35.674 [info] Tasks: No changes found during synchronizing tasks.
2023-01-04 11:42:35.680 [info] GlobalState: No changes found during synchronizing ui state.
2023-01-04 11:42:35.785 [info] Extensions: No changes found during synchronizing extensions.
2023-01-04 11:42:35.788 [info] Sync done. Took 12277ms
2023-01-04 11:47:35.789 [info] Auto Sync: Triggered by Interval
2023-01-04 11:47:35.789 [info] Sync started.
2023-01-04 11:47:38.159 [info] Profiles: No changes found during synchronizing profiles.
2023-01-04 11:47:38.214 [info] Settings: No changes found during synchronizing settings.
2023-01-04 11:47:38.218 [info] Keybindings: No changes found during synchronizing keybindings.
2023-01-04 11:47:38.222 [info] Snippets: No changes found during synchronizing snippets.
2023-01-04 11:47:38.224 [info] Tasks: No changes found during synchronizing tasks.
2023-01-04 11:47:38.232 [info] GlobalState: No changes found during synchronizing ui state.
2023-01-04 11:47:38.344 [info] Extensions: No changes found during synchronizing extensions.
2023-01-04 11:47:38.348 [info] Sync done. Took 2559ms
2023-01-04 11:52:38.351 [info] Auto Sync: Triggered by Interval
2023-01-04 11:52:38.352 [info] Sync started.
2023-01-04 11:52:39.444 [info] Profiles: No changes found during synchronizing profiles.
2023-01-04 11:52:39.502 [info] Settings: No changes found during synchronizing settings.
2023-01-04 11:52:39.507 [info] Keybindings: No changes found during synchronizing keybindings.
2023-01-04 11:52:39.511 [info] Snippets: No changes found during synchronizing snippets.
2023-01-04 11:52:39.514 [info] Tasks: No changes found during synchronizing tasks.
2023-01-04 11:52:39.519 [info] GlobalState: No changes found during synchronizing ui state.
2023-01-04 11:52:39.612 [info] Extensions: No changes found during synchronizing extensions.
2023-01-04 11:52:39.614 [info] Sync done. Took 1266ms
2023-01-04 11:57:39.615 [info] Auto Sync: Triggered by Interval
2023-01-04 11:57:39.616 [info] Sync started.
2023-01-04 11:57:42.609 [info] Profiles: No changes found during synchronizing profiles.
2023-01-04 11:57:42.669 [info] Settings: No changes found during synchronizing settings.
2023-01-04 11:57:42.676 [info] Keybindings: No changes found during synchronizing keybindings.
2023-01-04 11:57:42.680 [info] Snippets: No changes found during synchronizing snippets.
2023-01-04 11:57:42.683 [info] Tasks: No changes found during synchronizing tasks.
2023-01-04 11:57:42.689 [info] GlobalState: No changes found during synchronizing ui state.
2023-01-04 11:57:42.795 [info] Extensions: No changes found during synchronizing extensions.
2023-01-04 11:57:42.798 [info] Sync done. Took 3183ms
2023-01-04 12:02:42.799 [info] Auto Sync: Triggered by Interval
2023-01-04 12:02:42.799 [info] Sync started.
2023-01-04 12:02:45.815 [info] Profiles: No changes found during synchronizing profiles.
2023-01-04 12:02:45.872 [info] Settings: No changes found during synchronizing settings.
2023-01-04 12:02:45.878 [info] Keybindings: No changes found during synchronizing keybindings.
2023-01-04 12:02:45.883 [info] Snippets: No changes found during synchronizing snippets.
2023-01-04 12:02:45.886 [info] Tasks: No changes found during synchronizing tasks.
2023-01-04 12:02:45.891 [info] GlobalState: No changes found during synchronizing ui state.
2023-01-04 12:02:45.998 [info] Extensions: No changes found during synchronizing extensions.
2023-01-04 12:02:46.001 [info] Sync done. Took 3203ms
2023-01-04 12:06:57.413 [info] Auto Sync: Triggered by Activity
2023-01-04 12:06:57.414 [info] Sync started.
2023-01-04 12:06:59.943 [info] Profiles: No changes found during synchronizing profiles.
2023-01-04 12:07:00.003 [info] Settings: No changes found during synchronizing settings.
2023-01-04 12:07:00.010 [info] Keybindings: No changes found during synchronizing keybindings.
2023-01-04 12:07:00.014 [info] Snippets: No changes found during synchronizing snippets.
2023-01-04 12:07:00.017 [info] Tasks: No changes found during synchronizing tasks.
2023-01-04 12:07:00.022 [info] GlobalState: No changes found during synchronizing ui state.
2023-01-04 12:07:00.128 [info] Extensions: No changes found during synchronizing extensions.
2023-01-04 12:07:00.131 [info] Sync done. Took 2719ms
2023-01-04 12:12:00.132 [info] Auto Sync: Triggered by Interval
2023-01-04 12:12:00.132 [info] Sync started.
2023-01-04 12:12:02.108 [info] Profiles: No changes found during synchronizing profiles.
2023-01-04 12:12:02.163 [info] Settings: No changes found during synchronizing settings.
2023-01-04 12:12:02.167 [info] Keybindings: No changes found during synchronizing keybindings.
2023-01-04 12:12:02.172 [info] Snippets: No changes found during synchronizing snippets.
2023-01-04 12:12:02.177 [info] Tasks: No changes found during synchronizing tasks.
2023-01-04 12:12:02.182 [info] GlobalState: No changes found during synchronizing ui state.
2023-01-04 12:12:02.284 [info] Extensions: No changes found during synchronizing extensions.
2023-01-04 12:12:02.286 [info] Sync done. Took 2155ms
2023-01-04 12:14:25.491 [info] Auto Sync: Triggered by Activity
2023-01-04 12:14:25.491 [info] Sync started.
2023-01-04 12:14:31.908 [info] Profiles: No changes found during synchronizing profiles.
2023-01-04 12:14:31.969 [info] Settings: No changes found during synchronizing settings.
2023-01-04 12:14:31.974 [info] Keybindings: No changes found during synchronizing keybindings.
2023-01-04 12:14:31.977 [info] Snippets: No changes found during synchronizing snippets.
2023-01-04 12:14:31.981 [info] Tasks: No changes found during synchronizing tasks.
2023-01-04 12:14:31.986 [info] GlobalState: No changes found during synchronizing ui state.
2023-01-04 12:14:32.066 [info] Extensions: No changes found during synchronizing extensions.
2023-01-04 12:14:32.068 [info] Sync done. Took 6579ms
2023-01-04 12:19:32.070 [info] Auto Sync: Triggered by Interval
2023-01-04 12:19:32.071 [info] Sync started.
2023-01-04 12:19:42.477 [info] Profiles: No changes found during synchronizing profiles.
2023-01-04 12:19:42.531 [info] Settings: No changes found during synchronizing settings.
2023-01-04 12:19:42.537 [info] Keybindings: No changes found during synchronizing keybindings.
2023-01-04 12:19:42.541 [info] Snippets: No changes found during synchronizing snippets.
2023-01-04 12:19:42.544 [info] Tasks: No changes found during synchronizing tasks.
2023-01-04 12:19:42.549 [info] GlobalState: No changes found during synchronizing ui state.
2023-01-04 12:19:42.645 [info] Extensions: No changes found during synchronizing extensions.
2023-01-04 12:19:42.647 [info] Sync done. Took 10579ms
2023-01-04 12:20:26.173 [info] Auto Sync: Triggered by Activity
2023-01-04 12:20:26.173 [info] Sync started.
2023-01-04 12:20:26.897 [info] Profiles: No changes found during synchronizing profiles.
2023-01-04 12:20:26.993 [info] Settings: No changes found during synchronizing settings.
2023-01-04 12:20:27.000 [info] Keybindings: No changes found during synchronizing keybindings.
2023-01-04 12:20:27.007 [info] Snippets: No changes found during synchronizing snippets.
2023-01-04 12:20:27.011 [info] Tasks: No changes found during synchronizing tasks.
2023-01-04 12:20:27.018 [info] GlobalState: No changes found during synchronizing ui state.
2023-01-04 12:20:27.120 [info] Extensions: No changes found during synchronizing extensions.
2023-01-04 12:20:27.123 [info] Sync done. Took 950ms
2023-01-04 12:21:33.394 [info] Auto Sync: Triggered by Activity
2023-01-04 12:21:33.395 [info] Sync started.
2023-01-04 12:21:34.023 [info] Profiles: No changes found during synchronizing profiles.
2023-01-04 12:21:34.100 [info] Settings: No changes found during synchronizing settings.
2023-01-04 12:21:34.104 [info] Keybindings: No changes found during synchronizing keybindings.
2023-01-04 12:21:34.108 [info] Snippets: No changes found during synchronizing snippets.
2023-01-04 12:21:34.111 [info] Tasks: No changes found during synchronizing tasks.
2023-01-04 12:21:34.116 [info] GlobalState: No changes found during synchronizing ui state.
2023-01-04 12:21:34.190 [info] Extensions: No changes found during synchronizing extensions.
2023-01-04 12:21:34.192 [info] Sync done. Took 801ms
2023-01-04 12:21:51.819 [info] Auto Sync: Triggered by Activity
2023-01-04 12:21:51.820 [info] Sync started.
2023-01-04 12:21:52.352 [info] Profiles: No changes found during synchronizing profiles.
2023-01-04 12:21:52.412 [info] Settings: No changes found during synchronizing settings.
2023-01-04 12:21:52.419 [info] Keybindings: No changes found during synchronizing keybindings.
2023-01-04 12:21:52.424 [info] Snippets: No changes found during synchronizing snippets.
2023-01-04 12:21:52.427 [info] Tasks: No changes found during synchronizing tasks.
2023-01-04 12:21:52.432 [info] GlobalState: No changes found during synchronizing ui state.
2023-01-04 12:21:52.539 [info] Extensions: No changes found during synchronizing extensions.
2023-01-04 12:21:52.542 [info] Sync done. Took 725ms
2023-01-04 12:22:53.066 [info] Auto Sync: Triggered by Activity
2023-01-04 12:22:53.067 [info] Sync started.
2023-01-04 12:22:53.692 [info] Profiles: No changes found during synchronizing profiles.
2023-01-04 12:22:53.767 [info] Settings: No changes found during synchronizing settings.
2023-01-04 12:22:53.774 [info] Keybindings: No changes found during synchronizing keybindings.
2023-01-04 12:22:53.777 [info] Snippets: No changes found during synchronizing snippets.
2023-01-04 12:22:53.782 [info] Tasks: No changes found during synchronizing tasks.
2023-01-04 12:22:53.788 [info] GlobalState: No changes found during synchronizing ui state.
2023-01-04 12:22:53.888 [info] Extensions: No changes found during synchronizing extensions.
2023-01-04 12:22:53.890 [info] Sync done. Took 825ms
2023-01-04 12:26:45.999 [info] Auto Sync: Triggered by Activity
2023-01-04 12:26:45.999 [info] Sync started.
2023-01-04 12:26:47.018 [info] Profiles: No changes found during synchronizing profiles.
2023-01-04 12:26:47.063 [info] Settings: No changes found during synchronizing settings.
2023-01-04 12:26:47.067 [info] Keybindings: No changes found during synchronizing keybindings.
2023-01-04 12:26:47.072 [info] Snippets: No changes found during synchronizing snippets.
2023-01-04 12:26:47.075 [info] Tasks: No changes found during synchronizing tasks.
2023-01-04 12:26:47.081 [info] GlobalState: No changes found during synchronizing ui state.
2023-01-04 12:26:47.183 [info] Extensions: No changes found during synchronizing extensions.
2023-01-04 12:26:47.187 [info] Sync done. Took 1188ms
2023-01-04 12:26:54.026 [info] Auto Sync: Triggered by Activity
2023-01-04 12:26:54.026 [info] Sync started.
2023-01-04 12:26:54.652 [info] Profiles: No changes found during synchronizing profiles.
2023-01-04 12:26:54.711 [info] Settings: No changes found during synchronizing settings.
2023-01-04 12:26:54.715 [info] Keybindings: No changes found during synchronizing keybindings.
2023-01-04 12:26:54.719 [info] Snippets: No changes found during synchronizing snippets.
2023-01-04 12:26:54.721 [info] Tasks: No changes found during synchronizing tasks.
2023-01-04 12:26:54.726 [info] GlobalState: No changes found during synchronizing ui state.
2023-01-04 12:26:55.771 [info] Extensions: Updated remote extensions. Added: ["syler.sass-indented"].
2023-01-04 12:26:55.778 [info] Extensions: Updated last synchronized extensions.
2023-01-04 12:26:55.781 [info] Sync done. Took 1756ms
2023-01-04 12:27:01.274 [info] Auto Sync: Triggered by Activity
2023-01-04 12:27:01.274 [info] Sync started.
2023-01-04 12:27:01.699 [info] Profiles: No changes found during synchronizing profiles.
2023-01-04 12:27:01.741 [info] Settings: No changes found during synchronizing settings.
2023-01-04 12:27:01.745 [info] Keybindings: No changes found during synchronizing keybindings.
2023-01-04 12:27:01.749 [info] Snippets: No changes found during synchronizing snippets.
2023-01-04 12:27:01.751 [info] Tasks: No changes found during synchronizing tasks.
2023-01-04 12:27:01.757 [info] GlobalState: No changes found during synchronizing ui state.
2023-01-04 12:27:01.821 [info] Extensions: No changes found during synchronizing extensions.
2023-01-04 12:27:01.825 [info] Sync done. Took 551ms
2023-01-04 12:27:20.727 [info] Auto Sync: Triggered by Activity
2023-01-04 12:27:20.727 [info] Sync started.
2023-01-04 12:27:21.273 [info] Profiles: No changes found during synchronizing profiles.
2023-01-04 12:27:21.337 [info] Settings: No changes found during synchronizing settings.
2023-01-04 12:27:21.342 [info] Keybindings: No changes found during synchronizing keybindings.
2023-01-04 12:27:21.346 [info] Snippets: No changes found during synchronizing snippets.
2023-01-04 12:27:21.349 [info] Tasks: No changes found during synchronizing tasks.
2023-01-04 12:27:21.353 [info] GlobalState: No changes found during synchronizing ui state.
2023-01-04 12:27:21.454 [info] Extensions: No changes found during synchronizing extensions.
2023-01-04 12:27:21.458 [info] Sync done. Took 731ms
2023-01-04 12:28:23.886 [info] Auto Sync: Triggered by Activity
2023-01-04 12:28:23.887 [info] Sync started.
2023-01-04 12:28:24.373 [info] Profiles: No changes found during synchronizing profiles.
2023-01-04 12:28:24.427 [info] Settings: No changes found during synchronizing settings.
2023-01-04 12:28:24.432 [info] Keybindings: No changes found during synchronizing keybindings.
2023-01-04 12:28:24.436 [info] Snippets: No changes found during synchronizing snippets.
2023-01-04 12:28:24.440 [info] Tasks: No changes found during synchronizing tasks.
2023-01-04 12:28:24.449 [info] GlobalState: No changes found during synchronizing ui state.
2023-01-04 12:28:24.644 [info] Extensions: No changes found during synchronizing extensions.
2023-01-04 12:28:24.647 [info] Sync done. Took 762ms
2023-01-04 12:29:07.593 [info] Auto Sync: Triggered by Activity
2023-01-04 12:29:07.594 [info] Sync started.
2023-01-04 12:29:08.188 [info] Profiles: No changes found during synchronizing profiles.
2023-01-04 12:29:08.254 [info] Settings: No changes found during synchronizing settings.
2023-01-04 12:29:08.259 [info] Keybindings: No changes found during synchronizing keybindings.
2023-01-04 12:29:08.262 [info] Snippets: No changes found during synchronizing snippets.
2023-01-04 12:29:08.265 [info] Tasks: No changes found during synchronizing tasks.
2023-01-04 12:29:08.270 [info] GlobalState: No changes found during synchronizing ui state.
2023-01-04 12:29:08.365 [info] Extensions: No changes found during synchronizing extensions.
2023-01-04 12:29:08.367 [info] Sync done. Took 775ms
2023-01-04 12:29:31.954 [info] Auto Sync: Triggered by Activity
2023-01-04 12:29:31.954 [info] Sync started.
2023-01-04 12:29:32.545 [info] Profiles: No changes found during synchronizing profiles.
2023-01-04 12:29:32.599 [info] Settings: No changes found during synchronizing settings.
2023-01-04 12:29:32.603 [info] Keybindings: No changes found during synchronizing keybindings.
2023-01-04 12:29:32.607 [info] Snippets: No changes found during synchronizing snippets.
2023-01-04 12:29:32.609 [info] Tasks: No changes found during synchronizing tasks.
2023-01-04 12:29:32.614 [info] GlobalState: No changes found during synchronizing ui state.
2023-01-04 12:29:32.712 [info] Extensions: No changes found during synchronizing extensions.
2023-01-04 12:29:32.714 [info] Sync done. Took 762ms
2023-01-04 12:30:10.856 [info] Auto Sync: Triggered by Activity
2023-01-04 12:30:10.857 [info] Sync started.
2023-01-04 12:30:11.477 [info] Profiles: No changes found during synchronizing profiles.
2023-01-04 12:30:11.576 [info] Settings: No changes found during synchronizing settings.
2023-01-04 12:30:11.584 [info] Keybindings: No changes found during synchronizing keybindings.
2023-01-04 12:30:11.590 [info] Snippets: No changes found during synchronizing snippets.
2023-01-04 12:30:11.595 [info] Tasks: No changes found during synchronizing tasks.
2023-01-04 12:30:11.608 [info] GlobalState: No changes found during synchronizing ui state.
2023-01-04 12:30:11.725 [info] Extensions: No changes found during synchronizing extensions.
2023-01-04 12:30:11.742 [info] Sync done. Took 887ms
2023-01-04 12:30:30.669 [info] Auto Sync: Triggered by Activity
2023-01-04 12:30:30.669 [info] Sync started.
2023-01-04 12:30:31.956 [info] Profiles: No changes found during synchronizing profiles.
2023-01-04 12:30:32.025 [info] Settings: No changes found during synchronizing settings.
2023-01-04 12:30:32.033 [info] Keybindings: No changes found during synchronizing keybindings.
2023-01-04 12:30:32.038 [info] Snippets: No changes found during synchronizing snippets.
2023-01-04 12:30:32.040 [info] Tasks: No changes found during synchronizing tasks.
2023-01-04 12:30:32.046 [info] GlobalState: No changes found during synchronizing ui state.
2023-01-04 12:30:32.182 [info] Extensions: No changes found during synchronizing extensions.
2023-01-04 12:30:32.185 [info] Sync done. Took 1516ms
2023-01-04 12:30:58.471 [info] Auto Sync: Triggered by Activity
2023-01-04 12:30:58.471 [info] Sync started.
2023-01-04 12:31:00.490 [info] Profiles: No changes found during synchronizing profiles.
2023-01-04 12:31:00.551 [info] Settings: No changes found during synchronizing settings.
2023-01-04 12:31:00.555 [info] Keybindings: No changes found during synchronizing keybindings.
2023-01-04 12:31:00.558 [info] Snippets: No changes found during synchronizing snippets.
2023-01-04 12:31:00.563 [info] Tasks: No changes found during synchronizing tasks.
2023-01-04 12:31:00.569 [info] GlobalState: No changes found during synchronizing ui state.
2023-01-04 12:31:00.656 [info] Extensions: No changes found during synchronizing extensions.
2023-01-04 12:31:00.659 [info] Sync done. Took 2188ms
2023-01-04 12:32:28.119 [info] Auto Sync: Triggered by Activity
2023-01-04 12:32:28.119 [info] Sync started.
2023-01-04 12:32:29.145 [info] Profiles: No changes found during synchronizing profiles.
2023-01-04 12:32:29.193 [info] Settings: No changes found during synchronizing settings.
2023-01-04 12:32:29.197 [info] Keybindings: No changes found during synchronizing keybindings.
2023-01-04 12:32:29.201 [info] Snippets: No changes found during synchronizing snippets.
2023-01-04 12:32:29.203 [info] Tasks: No changes found during synchronizing tasks.
2023-01-04 12:32:29.208 [info] GlobalState: No changes found during synchronizing ui state.
2023-01-04 12:32:29.319 [info] Extensions: No changes found during synchronizing extensions.
2023-01-04 12:32:29.321 [info] Sync done. Took 1204ms
2023-01-04 12:32:54.564 [info] Auto Sync: Triggered by Activity
2023-01-04 12:32:54.564 [info] Sync started.
2023-01-04 12:32:55.129 [info] Profiles: No changes found during synchronizing profiles.
2023-01-04 12:32:55.180 [info] Settings: No changes found during synchronizing settings.
2023-01-04 12:32:55.184 [info] Keybindings: No changes found during synchronizing keybindings.
2023-01-04 12:32:55.188 [info] Snippets: No changes found during synchronizing snippets.
2023-01-04 12:32:55.193 [info] Tasks: No changes found during synchronizing tasks.
2023-01-04 12:32:55.198 [info] GlobalState: No changes found during synchronizing ui state.
2023-01-04 12:32:55.310 [info] Extensions: No changes found during synchronizing extensions.
2023-01-04 12:32:55.313 [info] Sync done. Took 750ms
2023-01-04 12:33:34.140 [info] Auto Sync: Triggered by Activity
2023-01-04 12:33:34.140 [info] Sync started.
2023-01-04 12:33:34.734 [info] Profiles: No changes found during synchronizing profiles.
2023-01-04 12:33:34.792 [info] Settings: No changes found during synchronizing settings.
2023-01-04 12:33:34.798 [info] Keybindings: No changes found during synchronizing keybindings.
2023-01-04 12:33:34.801 [info] Snippets: No changes found during synchronizing snippets.
2023-01-04 12:33:34.804 [info] Tasks: No changes found during synchronizing tasks.
2023-01-04 12:33:34.810 [info] GlobalState: No changes found during synchronizing ui state.
2023-01-04 12:33:34.926 [info] Extensions: No changes found during synchronizing extensions.
2023-01-04 12:33:34.929 [info] Sync done. Took 790ms
2023-01-04 12:37:56.663 [info] Auto Sync: Triggered by Activity
2023-01-04 12:37:56.663 [info] Sync started.
2023-01-04 12:37:57.603 [info] Profiles: No changes found during synchronizing profiles.
2023-01-04 12:37:57.655 [info] Settings: No changes found during synchronizing settings.
2023-01-04 12:37:57.659 [info] Keybindings: No changes found during synchronizing keybindings.
2023-01-04 12:37:57.665 [info] Snippets: No changes found during synchronizing snippets.
2023-01-04 12:37:57.667 [info] Tasks: No changes found during synchronizing tasks.
2023-01-04 12:37:57.672 [info] GlobalState: No changes found during synchronizing ui state.
2023-01-04 12:37:57.775 [info] Extensions: No changes found during synchronizing extensions.
2023-01-04 12:37:57.778 [info] Sync done. Took 1116ms
2023-01-04 12:38:33.449 [info] Auto Sync: Triggered by Activity
2023-01-04 12:38:33.450 [info] Sync started.
2023-01-04 12:38:34.068 [info] Profiles: No changes found during synchronizing profiles.
2023-01-04 12:38:34.156 [info] Settings: No changes found during synchronizing settings.
2023-01-04 12:38:34.164 [info] Keybindings: No changes found during synchronizing keybindings.
2023-01-04 12:38:34.171 [info] Snippets: No changes found during synchronizing snippets.
2023-01-04 12:38:34.175 [info] Tasks: No changes found during synchronizing tasks.
2023-01-04 12:38:34.186 [info] GlobalState: No changes found during synchronizing ui state.
2023-01-04 12:38:34.308 [info] Extensions: No changes found during synchronizing extensions.
2023-01-04 12:38:34.311 [info] Sync done. Took 863ms
2023-01-04 12:43:34.312 [info] Auto Sync: Triggered by Interval
2023-01-04 12:43:34.313 [info] Sync started.
2023-01-04 12:43:35.430 [info] Profiles: No changes found during synchronizing profiles.
2023-01-04 12:43:35.484 [info] Settings: No changes found during synchronizing settings.
2023-01-04 12:43:35.490 [info] Keybindings: No changes found during synchronizing keybindings.
2023-01-04 12:43:35.493 [info] Snippets: No changes found during synchronizing snippets.
2023-01-04 12:43:35.496 [info] Tasks: No changes found during synchronizing tasks.
2023-01-04 12:43:35.504 [info] GlobalState: No changes found during synchronizing ui state.
2023-01-04 12:43:35.615 [info] Extensions: No changes found during synchronizing extensions.
2023-01-04 12:43:35.623 [info] Sync done. Took 1312ms
2023-01-04 12:48:35.624 [info] Auto Sync: Triggered by Interval
2023-01-04 12:48:35.624 [info] Sync started.
2023-01-04 12:48:38.144 [info] Profiles: No changes found during synchronizing profiles.
2023-01-04 12:48:38.199 [info] Settings: No changes found during synchronizing settings.
2023-01-04 12:48:38.205 [info] Keybindings: No changes found during synchronizing keybindings.
2023-01-04 12:48:38.208 [info] Snippets: No changes found during synchronizing snippets.
2023-01-04 12:48:38.211 [info] Tasks: No changes found during synchronizing tasks.
2023-01-04 12:48:38.231 [info] GlobalState: No changes found during synchronizing ui state.
2023-01-04 12:48:38.331 [info] Extensions: No changes found during synchronizing extensions.
2023-01-04 12:48:38.333 [info] Sync done. Took 2710ms
2023-01-04 12:50:59.452 [info] Auto Sync: Triggered by Activity
2023-01-04 12:50:59.453 [info] Sync started.
2023-01-04 12:51:03.107 [info] Profiles: No changes found during synchronizing profiles.
2023-01-04 12:51:03.165 [info] Settings: No changes found during synchronizing settings.
2023-01-04 12:51:03.173 [info] Keybindings: No changes found during synchronizing keybindings.
2023-01-04 12:51:03.176 [info] Snippets: No changes found during synchronizing snippets.
2023-01-04 12:51:03.179 [info] Tasks: No changes found during synchronizing tasks.
2023-01-04 12:51:03.186 [info] GlobalState: No changes found during synchronizing ui state.
2023-01-04 12:51:03.276 [info] Extensions: No changes found during synchronizing extensions.
2023-01-04 12:51:03.279 [info] Sync done. Took 3828ms
2023-01-04 12:56:03.279 [info] Auto Sync: Triggered by Interval
2023-01-04 12:56:03.280 [info] Sync started.
2023-01-04 12:56:07.343 [info] Profiles: No changes found during synchronizing profiles.
2023-01-04 12:56:07.389 [info] Settings: No changes found during synchronizing settings.
2023-01-04 12:56:07.395 [info] Keybindings: No changes found during synchronizing keybindings.
2023-01-04 12:56:07.398 [info] Snippets: No changes found during synchronizing snippets.
2023-01-04 12:56:07.402 [info] Tasks: No changes found during synchronizing tasks.
2023-01-04 12:56:07.408 [info] GlobalState: No changes found during synchronizing ui state.
2023-01-04 12:56:07.513 [info] Extensions: No changes found during synchronizing extensions.
2023-01-04 12:56:07.515 [info] Sync done. Took 4235ms
2023-01-04 13:01:07.516 [info] Auto Sync: Triggered by Interval
2023-01-04 13:01:07.516 [info] Sync started.
2023-01-04 13:01:09.037 [info] Profiles: No changes found during synchronizing profiles.
2023-01-04 13:01:09.086 [info] Settings: No changes found during synchronizing settings.
2023-01-04 13:01:09.091 [info] Keybindings: No changes found during synchronizing keybindings.
2023-01-04 13:01:09.096 [info] Snippets: No changes found during synchronizing snippets.
2023-01-04 13:01:09.100 [info] Tasks: No changes found during synchronizing tasks.
2023-01-04 13:01:09.104 [info] GlobalState: No changes found during synchronizing ui state.
2023-01-04 13:01:09.200 [info] Extensions: No changes found during synchronizing extensions.
2023-01-04 13:01:09.202 [info] Sync done. Took 1687ms
2023-01-04 13:06:09.204 [info] Auto Sync: Triggered by Interval
2023-01-04 13:06:09.204 [info] Sync started.
2023-01-04 13:06:12.206 [info] Profiles: No changes found during synchronizing profiles.
2023-01-04 13:06:12.256 [info] Settings: No changes found during synchronizing settings.
2023-01-04 13:06:12.260 [info] Keybindings: No changes found during synchronizing keybindings.
2023-01-04 13:06:12.264 [info] Snippets: No changes found during synchronizing snippets.
2023-01-04 13:06:12.267 [info] Tasks: No changes found during synchronizing tasks.
2023-01-04 13:06:12.272 [info] GlobalState: No changes found during synchronizing ui state.
2023-01-04 13:06:12.372 [info] Extensions: No changes found during synchronizing extensions.
2023-01-04 13:06:12.374 [info] Sync done. Took 3171ms
2023-01-04 13:11:12.375 [info] Auto Sync: Triggered by Interval
2023-01-04 13:11:12.375 [info] Sync started.
2023-01-04 13:11:13.868 [info] Profiles: No changes found during synchronizing profiles.
2023-01-04 13:11:13.916 [info] Settings: No changes found during synchronizing settings.
2023-01-04 13:11:13.920 [info] Keybindings: No changes found during synchronizing keybindings.
2023-01-04 13:11:13.924 [info] Snippets: No changes found during synchronizing snippets.
2023-01-04 13:11:13.927 [info] Tasks: No changes found during synchronizing tasks.
2023-01-04 13:11:13.932 [info] GlobalState: No changes found during synchronizing ui state.
2023-01-04 13:11:14.020 [info] Extensions: No changes found during synchronizing extensions.
2023-01-04 13:11:14.022 [info] Sync done. Took 1648ms
2023-01-04 13:16:14.024 [info] Auto Sync: Triggered by Interval
2023-01-04 13:16:14.026 [info] Sync started.
2023-01-04 13:16:14.978 [info] Profiles: No changes found during synchronizing profiles.
2023-01-04 13:16:15.032 [info] Settings: No changes found during synchronizing settings.
2023-01-04 13:16:15.039 [info] Keybindings: No changes found during synchronizing keybindings.
2023-01-04 13:16:15.042 [info] Snippets: No changes found during synchronizing snippets.
2023-01-04 13:16:15.045 [info] Tasks: No changes found during synchronizing tasks.
2023-01-04 13:16:15.049 [info] GlobalState: No changes found during synchronizing ui state.
2023-01-04 13:16:15.150 [info] Extensions: No changes found during synchronizing extensions.
2023-01-04 13:16:15.152 [info] Sync done. Took 1130ms
2023-01-04 13:21:15.153 [info] Auto Sync: Triggered by Interval
2023-01-04 13:21:15.153 [info] Sync started.
2023-01-04 13:21:16.346 [info] Profiles: No changes found during synchronizing profiles.
2023-01-04 13:21:16.391 [info] Settings: No changes found during synchronizing settings.
2023-01-04 13:21:16.395 [info] Keybindings: No changes found during synchronizing keybindings.
2023-01-04 13:21:16.399 [info] Snippets: No changes found during synchronizing snippets.
2023-01-04 13:21:16.402 [info] Tasks: No changes found during synchronizing tasks.
2023-01-04 13:21:16.406 [info] GlobalState: No changes found during synchronizing ui state.
2023-01-04 13:21:16.494 [info] Extensions: No changes found during synchronizing extensions.
2023-01-04 13:21:16.496 [info] Sync done. Took 1344ms
2023-01-04 13:26:16.499 [info] Auto Sync: Triggered by Interval
2023-01-04 13:26:16.499 [info] Sync started.
2023-01-04 13:26:17.636 [info] Profiles: No changes found during synchronizing profiles.
2023-01-04 13:26:17.716 [info] Settings: No changes found during synchronizing settings.
2023-01-04 13:26:17.721 [info] Keybindings: No changes found during synchronizing keybindings.
2023-01-04 13:26:17.724 [info] Snippets: No changes found during synchronizing snippets.
2023-01-04 13:26:17.727 [info] Tasks: No changes found during synchronizing tasks.
2023-01-04 13:26:17.731 [info] GlobalState: No changes found during synchronizing ui state.
2023-01-04 13:26:17.816 [info] Extensions: No changes found during synchronizing extensions.
2023-01-04 13:26:17.818 [info] Sync done. Took 1321ms
2023-01-04 13:31:17.820 [info] Auto Sync: Triggered by Interval
2023-01-04 13:31:17.820 [info] Sync started.
2023-01-04 13:31:18.962 [info] Profiles: No changes found during synchronizing profiles.
2023-01-04 13:31:19.043 [info] Settings: No changes found during synchronizing settings.
2023-01-04 13:31:19.048 [info] Keybindings: No changes found during synchronizing keybindings.
2023-01-04 13:31:19.052 [info] Snippets: No changes found during synchronizing snippets.
2023-01-04 13:31:19.055 [info] Tasks: No changes found during synchronizing tasks.
2023-01-04 13:31:19.060 [info] GlobalState: No changes found during synchronizing ui state.
2023-01-04 13:31:19.144 [info] Extensions: No changes found during synchronizing extensions.
2023-01-04 13:31:19.147 [info] Sync done. Took 1327ms
2023-01-04 13:36:19.149 [info] Auto Sync: Triggered by Interval
2023-01-04 13:36:19.150 [info] Sync started.
2023-01-04 13:36:20.160 [info] Profiles: No changes found during synchronizing profiles.
2023-01-04 13:36:20.202 [info] Settings: No changes found during synchronizing settings.
2023-01-04 13:36:20.207 [info] Keybindings: No changes found during synchronizing keybindings.
2023-01-04 13:36:20.210 [info] Snippets: No changes found during synchronizing snippets.
2023-01-04 13:36:20.213 [info] Tasks: No changes found during synchronizing tasks.
2023-01-04 13:36:20.217 [info] GlobalState: No changes found during synchronizing ui state.
2023-01-04 13:36:20.304 [info] Extensions: No changes found during synchronizing extensions.
2023-01-04 13:36:20.306 [info] Sync done. Took 1159ms
2023-01-04 13:41:20.309 [info] Auto Sync: Triggered by Interval
2023-01-04 13:41:20.310 [info] Sync started.
2023-01-04 13:41:21.314 [info] Profiles: No changes found during synchronizing profiles.
2023-01-04 13:41:21.358 [info] Settings: No changes found during synchronizing settings.
2023-01-04 13:41:21.363 [info] Keybindings: No changes found during synchronizing keybindings.
2023-01-04 13:41:21.366 [info] Snippets: No changes found during synchronizing snippets.
2023-01-04 13:41:21.369 [info] Tasks: No changes found during synchronizing tasks.
2023-01-04 13:41:21.373 [info] GlobalState: No changes found during synchronizing ui state.
2023-01-04 13:41:21.462 [info] Extensions: No changes found during synchronizing extensions.
2023-01-04 13:41:21.464 [info] Sync done. Took 1157ms
2023-01-04 13:46:21.465 [info] Auto Sync: Triggered by Interval
2023-01-04 13:46:21.466 [info] Sync started.
2023-01-04 13:46:22.486 [info] Profiles: No changes found during synchronizing profiles.
2023-01-04 13:46:22.535 [info] Settings: No changes found during synchronizing settings.
2023-01-04 13:46:22.539 [info] Keybindings: No changes found during synchronizing keybindings.
2023-01-04 13:46:22.542 [info] Snippets: No changes found during synchronizing snippets.
2023-01-04 13:46:22.545 [info] Tasks: No changes found during synchronizing tasks.
2023-01-04 13:46:22.549 [info] GlobalState: No changes found during synchronizing ui state.
2023-01-04 13:46:22.631 [info] Extensions: No changes found during synchronizing extensions.
2023-01-04 13:46:22.633 [info] Sync done. Took 1169ms
2023-01-04 13:51:22.637 [info] Auto Sync: Triggered by Interval
2023-01-04 13:51:22.638 [info] Sync started.
2023-01-04 13:51:24.141 [info] Profiles: No changes found during synchronizing profiles.
2023-01-04 13:51:24.218 [info] Settings: No changes found during synchronizing settings.
2023-01-04 13:51:24.222 [info] Keybindings: No changes found during synchronizing keybindings.
2023-01-04 13:51:24.226 [info] Snippets: No changes found during synchronizing snippets.
2023-01-04 13:51:24.229 [info] Tasks: No changes found during synchronizing tasks.
2023-01-04 13:51:24.234 [info] GlobalState: No changes found during synchronizing ui state.
2023-01-04 13:51:24.320 [info] Extensions: No changes found during synchronizing extensions.
2023-01-04 13:51:24.322 [info] Sync done. Took 1688ms
2023-01-04 13:56:24.326 [info] Auto Sync: Triggered by Interval
2023-01-04 13:56:24.327 [info] Sync started.
2023-01-04 13:56:25.510 [info] Profiles: No changes found during synchronizing profiles.
2023-01-04 13:56:25.591 [info] Settings: No changes found during synchronizing settings.
2023-01-04 13:56:25.595 [info] Keybindings: No changes found during synchronizing keybindings.
2023-01-04 13:56:25.599 [info] Snippets: No changes found during synchronizing snippets.
2023-01-04 13:56:25.602 [info] Tasks: No changes found during synchronizing tasks.
2023-01-04 13:56:25.607 [info] GlobalState: No changes found during synchronizing ui state.
2023-01-04 13:56:25.687 [info] Extensions: No changes found during synchronizing extensions.
2023-01-04 13:56:25.689 [info] Sync done. Took 1366ms
2023-01-04 14:01:25.718 [info] Auto Sync: Triggered by Interval
2023-01-04 14:01:25.720 [info] Sync started.
2023-01-04 14:01:26.800 [info] Profiles: No changes found during synchronizing profiles.
2023-01-04 14:01:26.884 [info] Settings: No changes found during synchronizing settings.
2023-01-04 14:01:26.890 [info] Keybindings: No changes found during synchronizing keybindings.
2023-01-04 14:01:26.894 [info] Snippets: No changes found during synchronizing snippets.
2023-01-04 14:01:26.897 [info] Tasks: No changes found during synchronizing tasks.
2023-01-04 14:01:26.902 [info] GlobalState: No changes found during synchronizing ui state.
2023-01-04 14:01:26.993 [info] Extensions: No changes found during synchronizing extensions.
2023-01-04 14:01:26.995 [info] Sync done. Took 1306ms
2023-01-04 14:06:26.999 [info] Auto Sync: Triggered by Interval
2023-01-04 14:06:26.999 [info] Sync started.
2023-01-04 14:06:28.069 [info] Profiles: No changes found during synchronizing profiles.
2023-01-04 14:06:28.148 [info] Settings: No changes found during synchronizing settings.
2023-01-04 14:06:28.152 [info] Keybindings: No changes found during synchronizing keybindings.
2023-01-04 14:06:28.156 [info] Snippets: No changes found during synchronizing snippets.
2023-01-04 14:06:28.158 [info] Tasks: No changes found during synchronizing tasks.
2023-01-04 14:06:28.163 [info] GlobalState: No changes found during synchronizing ui state.
2023-01-04 14:06:28.251 [info] Extensions: No changes found during synchronizing extensions.
2023-01-04 14:06:28.253 [info] Sync done. Took 1256ms
2023-01-04 14:11:28.254 [info] Auto Sync: Triggered by Interval
2023-01-04 14:11:28.254 [info] Sync started.
2023-01-04 14:11:30.392 [info] Profiles: No changes found during synchronizing profiles.
2023-01-04 14:11:30.450 [info] Settings: No changes found during synchronizing settings.
2023-01-04 14:11:30.465 [info] Keybindings: No changes found during synchronizing keybindings.
2023-01-04 14:11:30.473 [info] Snippets: No changes found during synchronizing snippets.
2023-01-04 14:11:30.486 [info] Tasks: No changes found during synchronizing tasks.
2023-01-04 14:11:30.494 [info] GlobalState: No changes found during synchronizing ui state.
2023-01-04 14:11:30.620 [info] Extensions: No changes found during synchronizing extensions.
2023-01-04 14:11:30.624 [info] Sync done. Took 2370ms
2023-01-04 14:16:30.628 [info] Auto Sync: Triggered by Interval
2023-01-04 14:16:30.631 [info] Sync started.
2023-01-04 14:16:41.242 [info] Profiles: No changes found during synchronizing profiles.
2023-01-04 14:16:41.330 [info] Settings: No changes found during synchronizing settings.
2023-01-04 14:16:41.334 [info] Keybindings: No changes found during synchronizing keybindings.
2023-01-04 14:16:41.337 [info] Snippets: No changes found during synchronizing snippets.
2023-01-04 14:16:41.339 [info] Tasks: No changes found during synchronizing tasks.
2023-01-04 14:16:41.344 [info] GlobalState: No changes found during synchronizing ui state.
2023-01-04 14:16:41.435 [info] Extensions: No changes found during synchronizing extensions.
2023-01-04 14:16:41.437 [info] Sync done. Took 10813ms
2023-01-04 14:21:41.440 [info] Auto Sync: Triggered by Interval
2023-01-04 14:21:41.442 [info] Sync started.
2023-01-04 14:21:43.505 [info] Profiles: No changes found during synchronizing profiles.
2023-01-04 14:21:43.576 [info] Settings: No changes found during synchronizing settings.
2023-01-04 14:21:43.581 [info] Keybindings: No changes found during synchronizing keybindings.
2023-01-04 14:21:43.585 [info] Snippets: No changes found during synchronizing snippets.
2023-01-04 14:21:43.587 [info] Tasks: No changes found during synchronizing tasks.
2023-01-04 14:21:43.592 [info] GlobalState: No changes found during synchronizing ui state.
2023-01-04 14:21:43.694 [info] Extensions: No changes found during synchronizing extensions.
2023-01-04 14:21:43.700 [info] Sync done. Took 2262ms
2023-01-04 14:26:43.703 [info] Auto Sync: Triggered by Interval
2023-01-04 14:26:43.704 [info] Sync started.
2023-01-04 14:26:46.989 [info] Profiles: No changes found during synchronizing profiles.
2023-01-04 14:26:47.126 [info] Settings: No changes found during synchronizing settings.
2023-01-04 14:26:47.131 [info] Keybindings: No changes found during synchronizing keybindings.
2023-01-04 14:26:47.134 [info] Snippets: No changes found during synchronizing snippets.
2023-01-04 14:26:47.136 [info] Tasks: No changes found during synchronizing tasks.
2023-01-04 14:26:47.140 [info] GlobalState: No changes found during synchronizing ui state.
2023-01-04 14:26:47.233 [info] Extensions: No changes found during synchronizing extensions.
2023-01-04 14:26:47.235 [info] Sync done. Took 3535ms
2023-01-04 14:31:47.238 [info] Auto Sync: Triggered by Interval
2023-01-04 14:31:47.239 [info] Sync started.
2023-01-04 14:31:48.493 [info] Profiles: No changes found during synchronizing profiles.
2023-01-04 14:31:48.585 [info] Settings: No changes found during synchronizing settings.
2023-01-04 14:31:48.589 [info] Keybindings: No changes found during synchronizing keybindings.
2023-01-04 14:31:48.593 [info] Snippets: No changes found during synchronizing snippets.
2023-01-04 14:31:48.596 [info] Tasks: No changes found during synchronizing tasks.
2023-01-04 14:31:48.600 [info] GlobalState: No changes found during synchronizing ui state.
2023-01-04 14:31:48.697 [info] Extensions: No changes found during synchronizing extensions.
2023-01-04 14:31:48.699 [info] Sync done. Took 1464ms
2023-01-04 14:36:48.703 [info] Auto Sync: Triggered by Interval
2023-01-04 14:36:48.704 [info] Sync started.
2023-01-04 14:36:54.647 [info] Profiles: No changes found during synchronizing profiles.
2023-01-04 14:36:54.815 [info] Settings: No changes found during synchronizing settings.
2023-01-04 14:36:54.825 [info] Keybindings: No changes found during synchronizing keybindings.
2023-01-04 14:36:54.835 [info] Snippets: No changes found during synchronizing snippets.
2023-01-04 14:36:54.840 [info] Tasks: No changes found during synchronizing tasks.
2023-01-04 14:36:54.846 [info] GlobalState: No changes found during synchronizing ui state.
2023-01-04 14:36:54.939 [info] Extensions: No changes found during synchronizing extensions.
2023-01-04 14:36:54.941 [info] Sync done. Took 6240ms
2023-01-04 14:41:54.945 [info] Auto Sync: Triggered by Interval
2023-01-04 14:41:54.946 [info] Sync started.
2023-01-04 14:41:56.880 [info] Profiles: No changes found during synchronizing profiles.
2023-01-04 14:41:56.956 [info] Settings: No changes found during synchronizing settings.
2023-01-04 14:41:56.961 [info] Keybindings: No changes found during synchronizing keybindings.
2023-01-04 14:41:56.964 [info] Snippets: No changes found during synchronizing snippets.
2023-01-04 14:41:56.967 [info] Tasks: No changes found during synchronizing tasks.
2023-01-04 14:41:56.973 [info] GlobalState: No changes found during synchronizing ui state.
2023-01-04 14:41:57.063 [info] Extensions: No changes found during synchronizing extensions.
2023-01-04 14:41:57.065 [info] Sync done. Took 2124ms
2023-01-04 14:46:57.066 [info] Auto Sync: Triggered by Interval
2023-01-04 14:46:57.066 [info] Sync started.
2023-01-04 14:46:58.096 [info] Profiles: No changes found during synchronizing profiles.
2023-01-04 14:46:58.156 [info] Settings: No changes found during synchronizing settings.
2023-01-04 14:46:58.164 [info] Keybindings: No changes found during synchronizing keybindings.
2023-01-04 14:46:58.169 [info] Snippets: No changes found during synchronizing snippets.
2023-01-04 14:46:58.172 [info] Tasks: No changes found during synchronizing tasks.
2023-01-04 14:46:58.176 [info] GlobalState: No changes found during synchronizing ui state.
2023-01-04 14:46:58.283 [info] Extensions: No changes found during synchronizing extensions.
2023-01-04 14:46:58.285 [info] Sync done. Took 1220ms
2023-01-04 14:47:20.594 [info] Auto Sync: Triggered by Activity
2023-01-04 14:47:20.594 [info] Sync started.
2023-01-04 14:47:21.126 [info] Profiles: No changes found during synchronizing profiles.
2023-01-04 14:47:21.194 [info] Settings: No changes found during synchronizing settings.
2023-01-04 14:47:21.198 [info] Keybindings: No changes found during synchronizing keybindings.
2023-01-04 14:47:21.203 [info] Snippets: No changes found during synchronizing snippets.
2023-01-04 14:47:21.207 [info] Tasks: No changes found during synchronizing tasks.
2023-01-04 14:47:21.212 [info] GlobalState: No changes found during synchronizing ui state.
2023-01-04 14:47:21.304 [info] Extensions: No changes found during synchronizing extensions.
2023-01-04 14:47:21.307 [info] Sync done. Took 715ms
2023-01-04 14:48:26.157 [info] Auto Sync: Triggered by Activity
2023-01-04 14:48:26.158 [info] Sync started.
2023-01-04 14:48:26.642 [info] Profiles: No changes found during synchronizing profiles.
2023-01-04 14:48:26.718 [info] Settings: No changes found during synchronizing settings.
2023-01-04 14:48:26.725 [info] Keybindings: No changes found during synchronizing keybindings.
2023-01-04 14:48:26.727 [info] Snippets: No changes found during synchronizing snippets.
2023-01-04 14:48:26.729 [info] Tasks: No changes found during synchronizing tasks.
2023-01-04 14:48:26.734 [info] GlobalState: No changes found during synchronizing ui state.
2023-01-04 14:48:26.834 [info] Extensions: No changes found during synchronizing extensions.
2023-01-04 14:48:26.836 [info] Sync done. Took 682ms
2023-01-04 14:53:26.837 [info] Auto Sync: Triggered by Interval
2023-01-04 14:53:26.839 [info] Sync started.
2023-01-04 14:53:29.016 [info] Profiles: No changes found during synchronizing profiles.
2023-01-04 14:53:29.082 [info] Settings: No changes found during synchronizing settings.
2023-01-04 14:53:29.087 [info] Keybindings: No changes found during synchronizing keybindings.
2023-01-04 14:53:29.092 [info] Snippets: No changes found during synchronizing snippets.
2023-01-04 14:53:29.095 [info] Tasks: No changes found during synchronizing tasks.
2023-01-04 14:53:29.100 [info] GlobalState: No changes found during synchronizing ui state.
2023-01-04 14:53:29.204 [info] Extensions: No changes found during synchronizing extensions.
2023-01-04 14:53:29.209 [info] Sync done. Took 2372ms
2023-01-04 14:57:15.286 [info] Auto Sync: Triggered by Activity
2023-01-04 14:57:15.286 [info] Sync started.
2023-01-04 14:57:16.639 [info] Profiles: No changes found during synchronizing profiles.
2023-01-04 14:57:16.717 [info] Settings: No changes found during synchronizing settings.
2023-01-04 14:57:16.722 [info] Keybindings: No changes found during synchronizing keybindings.
2023-01-04 14:57:16.725 [info] Snippets: No changes found during synchronizing snippets.
2023-01-04 14:57:16.727 [info] Tasks: No changes found during synchronizing tasks.
2023-01-04 14:57:16.732 [info] GlobalState: No changes found during synchronizing ui state.
2023-01-04 14:57:16.827 [info] Extensions: No changes found during synchronizing extensions.
2023-01-04 14:57:16.831 [info] Sync done. Took 1545ms
2023-01-04 15:02:16.832 [info] Auto Sync: Triggered by Interval
2023-01-04 15:02:16.832 [info] Sync started.
2023-01-04 15:02:19.328 [info] Profiles: No changes found during synchronizing profiles.
2023-01-04 15:02:19.378 [info] Settings: No changes found during synchronizing settings.
2023-01-04 15:02:19.381 [info] Keybindings: No changes found during synchronizing keybindings.
2023-01-04 15:02:19.385 [info] Snippets: No changes found during synchronizing snippets.
2023-01-04 15:02:19.388 [info] Tasks: No changes found during synchronizing tasks.
2023-01-04 15:02:19.393 [info] GlobalState: No changes found during synchronizing ui state.
2023-01-04 15:02:19.490 [info] Extensions: No changes found during synchronizing extensions.
2023-01-04 15:02:19.492 [info] Sync done. Took 2661ms
2023-01-04 15:07:19.495 [info] Auto Sync: Triggered by Interval
2023-01-04 15:07:19.496 [info] Sync started.
2023-01-04 15:07:21.348 [info] Profiles: No changes found during synchronizing profiles.
2023-01-04 15:07:21.407 [info] Settings: No changes found during synchronizing settings.
2023-01-04 15:07:21.415 [info] Keybindings: No changes found during synchronizing keybindings.
2023-01-04 15:07:21.419 [info] Snippets: No changes found during synchronizing snippets.
2023-01-04 15:07:21.423 [info] Tasks: No changes found during synchronizing tasks.
2023-01-04 15:07:21.430 [info] GlobalState: No changes found during synchronizing ui state.
2023-01-04 15:07:21.533 [info] Extensions: No changes found during synchronizing extensions.
2023-01-04 15:07:21.536 [info] Sync done. Took 2044ms
2023-01-04 15:12:21.539 [info] Auto Sync: Triggered by Interval
2023-01-04 15:12:21.540 [info] Sync started.
2023-01-04 15:12:22.663 [info] Profiles: No changes found during synchronizing profiles.
2023-01-04 15:12:22.716 [info] Settings: No changes found during synchronizing settings.
2023-01-04 15:12:22.721 [info] Keybindings: No changes found during synchronizing keybindings.
2023-01-04 15:12:22.724 [info] Snippets: No changes found during synchronizing snippets.
2023-01-04 15:12:22.726 [info] Tasks: No changes found during synchronizing tasks.
2023-01-04 15:12:22.733 [info] GlobalState: No changes found during synchronizing ui state.
2023-01-04 15:12:22.831 [info] Extensions: No changes found during synchronizing extensions.
2023-01-04 15:12:22.835 [info] Sync done. Took 1299ms
2023-01-04 15:17:22.838 [info] Auto Sync: Triggered by Interval
2023-01-04 15:17:22.839 [info] Sync started.
2023-01-04 15:17:24.252 [info] Profiles: No changes found during synchronizing profiles.
2023-01-04 15:17:24.311 [info] Settings: No changes found during synchronizing settings.
2023-01-04 15:17:24.315 [info] Keybindings: No changes found during synchronizing keybindings.
2023-01-04 15:17:24.320 [info] Snippets: No changes found during synchronizing snippets.
2023-01-04 15:17:24.323 [info] Tasks: No changes found during synchronizing tasks.
2023-01-04 15:17:24.329 [info] GlobalState: No changes found during synchronizing ui state.
2023-01-04 15:17:24.445 [info] Extensions: No changes found during synchronizing extensions.
2023-01-04 15:17:24.447 [info] Sync done. Took 1612ms
2023-01-04 15:22:24.448 [info] Auto Sync: Triggered by Interval
2023-01-04 15:22:24.449 [info] Sync started.
2023-01-04 15:22:30.944 [info] Profiles: No changes found during synchronizing profiles.
2023-01-04 15:22:31.003 [info] Settings: No changes found during synchronizing settings.
2023-01-04 15:22:31.009 [info] Keybindings: No changes found during synchronizing keybindings.
2023-01-04 15:22:31.013 [info] Snippets: No changes found during synchronizing snippets.
2023-01-04 15:22:31.015 [info] Tasks: No changes found during synchronizing tasks.
2023-01-04 15:22:31.019 [info] GlobalState: No changes found during synchronizing ui state.
2023-01-04 15:22:31.117 [info] Extensions: No changes found during synchronizing extensions.
2023-01-04 15:22:31.119 [info] Sync done. Took 6672ms
2023-01-04 15:24:00.038 [info] Auto Sync: Triggered by Activity
2023-01-04 15:24:00.039 [info] Sync started.
2023-01-04 15:39:35.161 [info] Request failed https://vscode-sync.trafficmanager.net/v1/manifest
2023-01-04 15:39:35.162 [error] RequestTimeout (UserDataSyncError) syncResource:unknown operationId:unknown: Connection refused for the request 'https://vscode-sync.trafficmanager.net/v1/manifest'.
    at b.w (vscode-file://vscode-app/opt/visual-studio-code/resources/app/out/vs/code/electron-browser/sharedProcess/sharedProcessMain.js:89:141892)
    at async b.manifest (vscode-file://vscode-app/opt/visual-studio-code/resources/app/out/vs/code/electron-browser/sharedProcess/sharedProcessMain.js:89:139904)
    at async s.createSyncTask (vscode-file://vscode-app/opt/visual-studio-code/resources/app/out/vs/code/electron-browser/sharedProcess/sharedProcessMain.js:89:114984)
    at async a.y (vscode-file://vscode-app/opt/visual-studio-code/resources/app/out/vs/code/electron-browser/sharedProcess/sharedProcessMain.js:89:105548)
2023-01-04 15:39:35.162 [error] RequestTimeout (UserDataSyncError) syncResource:unknown operationId:unknown: Connection refused for the request 'https://vscode-sync.trafficmanager.net/v1/manifest'.
    at b.w (vscode-file://vscode-app/opt/visual-studio-code/resources/app/out/vs/code/electron-browser/sharedProcess/sharedProcessMain.js:89:141892)
    at async b.manifest (vscode-file://vscode-app/opt/visual-studio-code/resources/app/out/vs/code/electron-browser/sharedProcess/sharedProcessMain.js:89:139904)
    at async s.createSyncTask (vscode-file://vscode-app/opt/visual-studio-code/resources/app/out/vs/code/electron-browser/sharedProcess/sharedProcessMain.js:89:114984)
    at async a.y (vscode-file://vscode-app/opt/visual-studio-code/resources/app/out/vs/code/electron-browser/sharedProcess/sharedProcessMain.js:89:105548)
2023-01-04 15:39:35.164 [info] Auto Sync: Triggered by Interval
2023-01-04 15:39:35.165 [info] Sync started.
2023-01-04 15:39:35.165 [info] Auto Sync: Triggered by Activity
2023-01-04 15:39:35.165 [info] Sync started.
2023-01-04 15:39:41.617 [info] Profiles: No changes found during synchronizing profiles.
2023-01-04 15:39:41.681 [info] Settings: No changes found during synchronizing settings.
2023-01-04 15:39:41.687 [info] Keybindings: No changes found during synchronizing keybindings.
2023-01-04 15:39:41.691 [info] Snippets: No changes found during synchronizing snippets.
2023-01-04 15:39:41.694 [info] Tasks: No changes found during synchronizing tasks.
2023-01-04 15:39:41.945 [info] Profiles: No changes found during synchronizing profiles.
2023-01-04 15:39:42.013 [info] Settings: No changes found during synchronizing settings.
2023-01-04 15:39:42.024 [info] Keybindings: No changes found during synchronizing keybindings.
2023-01-04 15:39:42.029 [info] Snippets: No changes found during synchronizing snippets.
2023-01-04 15:39:42.032 [info] Tasks: No changes found during synchronizing tasks.
2023-01-04 15:39:42.034 [info] GlobalState: Skipped synchronizing globalstate as it is running already.
2023-01-04 15:39:42.106 [info] Extensions: No changes found during synchronizing extensions.
2023-01-04 15:39:42.108 [info] Sync done. Took 6946ms
2023-01-04 15:39:42.833 [info] GlobalState: Updated remote ui state. Updated: workbench.statusbar.hidden.
2023-01-04 15:39:42.848 [info] GlobalState: Updated last synchronized ui state
2023-01-04 15:39:42.956 [info] Extensions: No changes found during synchronizing extensions.
2023-01-04 15:39:42.958 [info] Sync done. Took 7797ms
2023-01-04 15:44:42.961 [info] Auto Sync: Triggered by Interval
2023-01-04 15:44:42.962 [info] Sync started.
2023-01-04 15:44:44.126 [info] Profiles: No changes found during synchronizing profiles.
2023-01-04 15:44:44.210 [info] Settings: No changes found during synchronizing settings.
2023-01-04 15:44:44.215 [info] Keybindings: No changes found during synchronizing keybindings.
2023-01-04 15:44:44.219 [info] Snippets: No changes found during synchronizing snippets.
2023-01-04 15:44:44.222 [info] Tasks: No changes found during synchronizing tasks.
2023-01-04 15:44:44.227 [info] GlobalState: No changes found during synchronizing ui state.
2023-01-04 15:44:44.318 [info] Extensions: No changes found during synchronizing extensions.
2023-01-04 15:44:44.320 [info] Sync done. Took 1362ms
