2023-01-03 12:30:41.078 [info] Using settings sync service https://vscode-sync.trafficmanager.net/
2023-01-03 12:30:41.078 [info] Auto Sync is enabled.
2023-01-03 12:30:41.078 [info] Auto Sync: Suspended until auth token is available.
2023-01-03 12:30:43.313 [info] Auto Sync: Triggered by Interval
2023-01-03 12:30:43.314 [info] Sync started.
2023-01-03 12:30:51.457 [info] Profiles: No changes found during synchronizing profiles.
2023-01-03 12:30:51.565 [info] Settings: No changes found during synchronizing settings.
2023-01-03 12:30:51.577 [info] Keybindings: No changes found during synchronizing keybindings.
2023-01-03 12:30:51.584 [info] Snippets: No changes found during synchronizing snippets.
2023-01-03 12:30:51.587 [info] Tasks: No changes found during synchronizing tasks.
2023-01-03 12:30:56.236 [info] GlobalState: Updated remote ui state. Updated: commandPalette.mru.cache,commandPalette.mru.counter,cpp.1.lastSessionDate,cpp.1.sessionCount,java.2.lastSessionDate,java.2.sessionCount,javascript.1.lastSessionDate,javascript.1.sessionCount,typescript.1.lastSessionDate,typescript.1.sessionCount.
2023-01-03 12:30:56.252 [info] GlobalState: Updated last synchronized ui state
2023-01-03 12:30:56.348 [info] Extensions: No changes found during synchronizing extensions.
2023-01-03 12:30:56.351 [info] Sync done. Took 13039ms
2023-01-03 12:31:07.733 [info] Auto Sync: Triggered by Activity
2023-01-03 12:31:07.734 [info] Sync started.
2023-01-03 12:31:09.010 [info] Profiles: No changes found during synchronizing profiles.
2023-01-03 12:31:09.088 [info] Settings: No changes found during synchronizing settings.
2023-01-03 12:31:09.093 [info] Keybindings: No changes found during synchronizing keybindings.
2023-01-03 12:31:09.097 [info] Snippets: No changes found during synchronizing snippets.
2023-01-03 12:31:09.100 [info] Tasks: No changes found during synchronizing tasks.
2023-01-03 12:31:12.405 [info] GlobalState: Updated remote ui state. Updated: workbench.activity.pinnedViewlets2,workbench.statusbar.hidden.
2023-01-03 12:31:12.411 [info] GlobalState: Updated last synchronized ui state
2023-01-03 12:31:14.163 [info] Extensions: Updated remote extensions. Updated: ["pkief.material-icon-theme"].
2023-01-03 12:31:14.178 [info] Extensions: Updated last synchronized extensions.
2023-01-03 12:31:14.193 [info] Sync done. Took 6462ms
2023-01-03 12:31:14.196 [info] Auto Sync: Triggered by Activity
2023-01-03 12:31:14.196 [info] Sync started.
2023-01-03 12:31:15.657 [info] Profiles: No changes found during synchronizing profiles.
2023-01-03 12:31:15.721 [info] Settings: No changes found during synchronizing settings.
2023-01-03 12:31:15.726 [info] Keybindings: No changes found during synchronizing keybindings.
2023-01-03 12:31:15.731 [info] Snippets: No changes found during synchronizing snippets.
2023-01-03 12:31:15.735 [info] Tasks: No changes found during synchronizing tasks.
2023-01-03 12:31:15.740 [info] GlobalState: No changes found during synchronizing ui state.
2023-01-03 12:31:15.829 [info] Extensions: No changes found during synchronizing extensions.
2023-01-03 12:31:15.833 [info] Sync done. Took 1641ms
2023-01-03 12:31:33.563 [info] Auto Sync: Triggered by Activity
2023-01-03 12:31:33.563 [info] Sync started.
2023-01-03 12:31:34.669 [info] Profiles: No changes found during synchronizing profiles.
2023-01-03 12:31:34.731 [info] Settings: No changes found during synchronizing settings.
2023-01-03 12:31:34.735 [info] Keybindings: No changes found during synchronizing keybindings.
2023-01-03 12:31:34.738 [info] Snippets: No changes found during synchronizing snippets.
2023-01-03 12:31:34.742 [info] Tasks: No changes found during synchronizing tasks.
2023-01-03 12:31:34.747 [info] GlobalState: No changes found during synchronizing ui state.
2023-01-03 12:31:34.841 [info] Extensions: No changes found during synchronizing extensions.
2023-01-03 12:31:34.844 [info] Sync done. Took 1283ms
2023-01-03 12:31:53.210 [info] Auto Sync: Triggered by Activity
2023-01-03 12:31:53.211 [info] Sync started.
2023-01-03 12:31:54.502 [info] Profiles: No changes found during synchronizing profiles.
2023-01-03 12:31:54.581 [info] Settings: No changes found during synchronizing settings.
2023-01-03 12:31:54.586 [info] Keybindings: No changes found during synchronizing keybindings.
2023-01-03 12:31:54.590 [info] Snippets: No changes found during synchronizing snippets.
2023-01-03 12:31:54.592 [info] Tasks: No changes found during synchronizing tasks.
2023-01-03 12:31:54.597 [info] GlobalState: No changes found during synchronizing ui state.
2023-01-03 12:31:54.681 [info] Extensions: No changes found during synchronizing extensions.
2023-01-03 12:31:54.684 [info] Sync done. Took 1476ms
2023-01-03 12:33:34.997 [info] Auto Sync: Triggered by Activity
2023-01-03 12:33:34.998 [info] Sync started.
2023-01-03 12:33:38.814 [info] Profiles: No changes found during synchronizing profiles.
2023-01-03 12:33:38.879 [info] Settings: No changes found during synchronizing settings.
2023-01-03 12:33:38.884 [info] Keybindings: No changes found during synchronizing keybindings.
2023-01-03 12:33:38.887 [info] Snippets: No changes found during synchronizing snippets.
2023-01-03 12:33:38.890 [info] Tasks: No changes found during synchronizing tasks.
2023-01-03 12:33:38.900 [info] GlobalState: No changes found during synchronizing ui state.
2023-01-03 12:33:38.994 [info] Extensions: No changes found during synchronizing extensions.
2023-01-03 12:33:38.997 [info] Sync done. Took 4002ms
2023-01-03 12:34:31.569 [info] Auto Sync: Triggered by Activity
2023-01-03 12:34:31.569 [info] Sync started.
2023-01-03 12:34:35.176 [info] Profiles: No changes found during synchronizing profiles.
2023-01-03 12:34:35.236 [info] Settings: No changes found during synchronizing settings.
2023-01-03 12:34:35.241 [info] Keybindings: No changes found during synchronizing keybindings.
2023-01-03 12:34:35.246 [info] Snippets: No changes found during synchronizing snippets.
2023-01-03 12:34:35.248 [info] Tasks: No changes found during synchronizing tasks.
2023-01-03 12:34:35.254 [info] GlobalState: No changes found during synchronizing ui state.
2023-01-03 12:34:35.344 [info] Extensions: No changes found during synchronizing extensions.
2023-01-03 12:34:35.347 [info] Sync done. Took 3781ms
2023-01-03 12:34:53.579 [info] Auto Sync: Triggered by Activity
2023-01-03 12:34:53.580 [info] Sync started.
2023-01-03 12:34:54.241 [info] Profiles: No changes found during synchronizing profiles.
2023-01-03 12:34:54.309 [info] Settings: No changes found during synchronizing settings.
2023-01-03 12:34:54.314 [info] Keybindings: No changes found during synchronizing keybindings.
2023-01-03 12:34:54.318 [info] Snippets: No changes found during synchronizing snippets.
2023-01-03 12:34:54.321 [info] Tasks: No changes found during synchronizing tasks.
2023-01-03 12:34:54.326 [info] GlobalState: No changes found during synchronizing ui state.
2023-01-03 12:34:54.432 [info] Extensions: No changes found during synchronizing extensions.
2023-01-03 12:34:54.433 [info] Sync done. Took 858ms
2023-01-03 12:35:08.507 [info] Auto Sync: Triggered by Activity
2023-01-03 12:35:08.507 [info] Sync started.
2023-01-03 12:35:09.562 [info] Profiles: No changes found during synchronizing profiles.
2023-01-03 12:35:09.612 [info] Settings: No changes found during synchronizing settings.
2023-01-03 12:35:09.617 [info] Keybindings: No changes found during synchronizing keybindings.
2023-01-03 12:35:09.621 [info] Snippets: No changes found during synchronizing snippets.
2023-01-03 12:35:09.624 [info] Tasks: No changes found during synchronizing tasks.
2023-01-03 12:35:09.630 [info] GlobalState: No changes found during synchronizing ui state.
2023-01-03 12:35:09.710 [info] Extensions: No changes found during synchronizing extensions.
2023-01-03 12:35:09.713 [info] Sync done. Took 1206ms
2023-01-03 12:35:32.877 [info] Auto Sync: Triggered by Activity
2023-01-03 12:35:32.878 [info] Sync started.
2023-01-03 12:35:35.506 [info] Profiles: No changes found during synchronizing profiles.
2023-01-03 12:35:35.570 [info] Settings: No changes found during synchronizing settings.
2023-01-03 12:35:35.576 [info] Keybindings: No changes found during synchronizing keybindings.
2023-01-03 12:35:35.579 [info] Snippets: No changes found during synchronizing snippets.
2023-01-03 12:35:35.583 [info] Tasks: No changes found during synchronizing tasks.
2023-01-03 12:35:35.588 [info] GlobalState: No changes found during synchronizing ui state.
2023-01-03 12:35:35.685 [info] Extensions: No changes found during synchronizing extensions.
2023-01-03 12:35:35.687 [info] Sync done. Took 2815ms
