2023-01-04 11:11:39.781 [info] Added views:workbench.panel.markers.view in workbench.panel.markers
2023-01-04 11:11:39.781 [info] Added views:workbench.panel.output in workbench.panel.output
2023-01-04 11:11:39.781 [info] Added views:terminal in terminal
2023-01-04 11:11:39.781 [info] Added views:outline in workbench.view.explorer
2023-01-04 11:11:39.781 [info] Added views:workbench.scm in workbench.view.scm
2023-01-04 11:11:39.781 [info] Added views:workbench.view.search in workbench.view.search
2023-01-04 11:11:39.781 [info] Added views:timeline in workbench.view.explorer
2023-01-04 11:11:39.781 [info] Added views:workbench.explorer.fileView in workbench.view.explorer
2023-01-04 11:11:39.895 [info] Added views:workbench.debug.welcome in workbench.view.debug
2023-01-04 11:11:40.346 [info] Added views:gitlens.views.home in workbench.view.extension.gitlens
2023-01-04 11:11:40.349 [info] Added views:gitlens.views.commits,gitlens.views.commitDetails,gitlens.views.fileHistory,gitlens.views.branches,gitlens.views.remotes,gitlens.views.stashes,gitlens.views.tags,gitlens.views.searchAndCompare in workbench.view.scm
2023-01-04 11:11:40.353 [info] Added views:cell-tag in workbench.view.extension.jupyter
2023-01-04 11:11:41.184 [info] Added views:workbench.panel.repl.view in workbench.panel.repl
2023-01-04 11:11:41.499 [info] Added views:workbench.panel.comments in workbench.panel.comments
2023-01-04 11:11:42.244 [info] Removed views:gitlens.views.searchAndCompare,gitlens.views.tags,gitlens.views.stashes,gitlens.views.remotes,gitlens.views.branches,gitlens.views.fileHistory,gitlens.views.commitDetails,gitlens.views.commits from workbench.view.scm
2023-01-04 11:11:42.583 [info] Added views:tabnine-home in workbench.view.extension.tabnine-access
2023-01-04 11:11:42.584 [info] Added views:tabnine-notifications in workbench.view.extension.tabnine-access
2023-01-04 11:11:42.585 [info] Added views:tabnine-today in workbench.view.extension.tabnine-access
2023-01-04 12:26:43.926 [info] Added views:workbench.views.extensions.installed,workbench.views.extensions.popular,extensions.recommendedList in workbench.view.extensions
2023-01-04 12:26:43.930 [info] Removed views:workbench.views.extensions.popular from workbench.view.extensions
2023-01-04 12:26:46.044 [info] Removed views:extensions.recommendedList,workbench.views.extensions.installed from workbench.view.extensions
2023-01-04 12:26:46.073 [info] Added views:workbench.views.extensions.marketplace in workbench.view.extensions
2023-01-04 12:26:54.779 [info] Removed views:workbench.views.extensions.marketplace from workbench.view.extensions
2023-01-04 12:26:54.791 [info] Added views:workbench.views.extensions.installed,extensions.recommendedList in workbench.view.extensions
2023-01-04 12:26:57.052 [info] Added views:workbench.panel.markers.view in workbench.panel.markers
2023-01-04 12:26:57.052 [info] Added views:workbench.panel.output in workbench.panel.output
2023-01-04 12:26:57.052 [info] Added views:terminal in terminal
2023-01-04 12:26:57.052 [info] Added views:outline in workbench.view.explorer
2023-01-04 12:26:57.052 [info] Added views:workbench.scm in workbench.view.scm
2023-01-04 12:26:57.052 [info] Added views:workbench.view.search in workbench.view.search
2023-01-04 12:26:57.052 [info] Added views:timeline in workbench.view.explorer
2023-01-04 12:26:57.052 [info] Added views:workbench.explorer.fileView in workbench.view.explorer
2023-01-04 12:26:57.188 [info] Added views:workbench.debug.welcome in workbench.view.debug
2023-01-04 12:26:57.258 [info] Added views:workbench.views.extensions.installed,extensions.recommendedList in workbench.view.extensions
2023-01-04 12:26:57.733 [info] Added views:gitlens.views.home in workbench.view.extension.gitlens
2023-01-04 12:26:57.735 [info] Added views:gitlens.views.commits,gitlens.views.commitDetails,gitlens.views.fileHistory,gitlens.views.branches,gitlens.views.remotes,gitlens.views.stashes,gitlens.views.tags,gitlens.views.searchAndCompare in workbench.view.scm
2023-01-04 12:26:57.740 [info] Added views:cell-tag in workbench.view.extension.jupyter
2023-01-04 12:26:58.642 [info] Added views:workbench.panel.repl.view in workbench.panel.repl
2023-01-04 12:26:59.007 [info] Added views:workbench.panel.comments in workbench.panel.comments
2023-01-04 12:26:59.722 [info] Removed views:gitlens.views.searchAndCompare,gitlens.views.tags,gitlens.views.stashes,gitlens.views.remotes,gitlens.views.branches,gitlens.views.fileHistory,gitlens.views.commitDetails,gitlens.views.commits from workbench.view.scm
2023-01-04 12:27:00.081 [info] Added views:tabnine-home in workbench.view.extension.tabnine-access
2023-01-04 12:27:00.082 [info] Added views:tabnine-notifications in workbench.view.extension.tabnine-access
2023-01-04 12:27:00.083 [info] Added views:tabnine-today in workbench.view.extension.tabnine-access
2023-01-04 12:27:04.758 [info] Removed views:extensions.recommendedList,workbench.views.extensions.installed from workbench.view.extensions
2023-01-04 12:27:04.784 [info] Added views:workbench.views.extensions.marketplace in workbench.view.extensions
2023-01-04 14:47:19.934 [info] Removed views:workbench.views.extensions.marketplace from workbench.view.extensions
2023-01-04 14:47:19.955 [info] Added views:workbench.views.extensions.installed,extensions.recommendedList in workbench.view.extensions
2023-01-04 14:47:23.095 [info] Removed views:extensions.recommendedList,workbench.views.extensions.installed from workbench.view.extensions
2023-01-04 14:47:23.121 [info] Added views:workbench.views.extensions.marketplace in workbench.view.extensions
