2022-12-22 14:53:49.008 [info] Using settings sync service https://vscode-sync.trafficmanager.net/
2022-12-22 14:53:49.008 [info] Auto Sync is enabled.
2022-12-22 14:53:49.008 [info] Auto Sync: Suspended until auth token is available.
2022-12-22 14:53:50.635 [info] Auto Sync: Triggered by Interval
2022-12-22 14:53:50.635 [info] Sync started.
2022-12-22 14:53:52.203 [info] Profiles: No changes found during synchronizing profiles.
2022-12-22 14:53:52.416 [info] Settings: No changes found during synchronizing settings.
2022-12-22 14:53:52.431 [info] Keybindings: No changes found during synchronizing keybindings.
2022-12-22 14:53:52.437 [info] Snippets: No changes found during synchronizing snippets.
2022-12-22 14:53:52.440 [info] Tasks: No changes found during synchronizing tasks.
2022-12-22 14:53:52.447 [info] GlobalState: No changes found during synchronizing ui state.
2022-12-22 14:53:52.520 [info] Extensions: No changes found during synchronizing extensions.
2022-12-22 14:53:52.522 [info] Sync done. Took 1888ms
2022-12-22 14:54:04.000 [info] Auto Sync: Triggered by Activity
2022-12-22 14:54:04.001 [info] Sync started.
2022-12-22 14:54:04.798 [info] Profiles: No changes found during synchronizing profiles.
2022-12-22 14:54:05.776 [info] Settings: Updated remote settings
2022-12-22 14:54:05.787 [info] Settings: Updated last synchronized settings
2022-12-22 14:54:05.794 [info] Keybindings: No changes found during synchronizing keybindings.
2022-12-22 14:54:05.799 [info] Snippets: No changes found during synchronizing snippets.
2022-12-22 14:54:05.802 [info] Tasks: No changes found during synchronizing tasks.
2022-12-22 14:54:05.807 [info] GlobalState: No changes found during synchronizing ui state.
2022-12-22 14:54:05.904 [info] Extensions: No changes found during synchronizing extensions.
2022-12-22 14:54:05.907 [info] Sync done. Took 1913ms
2022-12-22 14:54:29.068 [info] Auto Sync: Triggered by Activity
2022-12-22 14:54:29.069 [info] Sync started.
2022-12-22 14:54:29.604 [info] Profiles: No changes found during synchronizing profiles.
2022-12-22 14:54:30.479 [info] Settings: Updated remote settings
2022-12-22 14:54:30.489 [info] Settings: Updated last synchronized settings
2022-12-22 14:54:30.495 [info] Keybindings: No changes found during synchronizing keybindings.
2022-12-22 14:54:30.500 [info] Snippets: No changes found during synchronizing snippets.
2022-12-22 14:54:30.503 [info] Tasks: No changes found during synchronizing tasks.
2022-12-22 14:54:30.509 [info] GlobalState: No changes found during synchronizing ui state.
2022-12-22 14:54:30.651 [info] Extensions: No changes found during synchronizing extensions.
2022-12-22 14:54:30.654 [info] Sync done. Took 1593ms
2022-12-22 14:54:32.729 [info] Auto Sync: Triggered by Activity
2022-12-22 14:54:32.730 [info] Sync started.
2022-12-22 14:54:33.301 [info] Profiles: No changes found during synchronizing profiles.
2022-12-22 14:54:34.331 [info] Settings: Updated remote settings
2022-12-22 14:54:34.340 [info] Settings: Updated last synchronized settings
2022-12-22 14:54:34.344 [info] Keybindings: No changes found during synchronizing keybindings.
2022-12-22 14:54:34.348 [info] Snippets: No changes found during synchronizing snippets.
2022-12-22 14:54:34.350 [info] Tasks: No changes found during synchronizing tasks.
2022-12-22 14:54:34.355 [info] GlobalState: No changes found during synchronizing ui state.
2022-12-22 14:54:34.455 [info] Extensions: No changes found during synchronizing extensions.
2022-12-22 14:54:34.458 [info] Sync done. Took 1730ms
2022-12-22 14:54:36.823 [info] Auto Sync: Triggered by Activity
2022-12-22 14:54:36.824 [info] Sync started.
2022-12-22 14:54:37.295 [info] Profiles: No changes found during synchronizing profiles.
2022-12-22 14:54:38.363 [info] Settings: Updated remote settings
2022-12-22 14:54:38.381 [info] Settings: Updated last synchronized settings
2022-12-22 14:54:38.396 [info] Keybindings: No changes found during synchronizing keybindings.
2022-12-22 14:54:38.410 [info] Snippets: No changes found during synchronizing snippets.
2022-12-22 14:54:38.418 [info] Tasks: No changes found during synchronizing tasks.
2022-12-22 14:54:38.423 [info] GlobalState: No changes found during synchronizing ui state.
2022-12-22 14:54:38.493 [info] Extensions: No changes found during synchronizing extensions.
2022-12-22 14:54:38.496 [info] Sync done. Took 1676ms
2022-12-22 14:54:39.278 [info] Auto Sync: Triggered by Activity
2022-12-22 14:54:39.278 [info] Sync started.
2022-12-22 14:54:39.865 [info] Profiles: No changes found during synchronizing profiles.
2022-12-22 14:54:39.902 [info] Settings: No changes found during synchronizing settings.
2022-12-22 14:54:39.907 [info] Keybindings: No changes found during synchronizing keybindings.
2022-12-22 14:54:39.910 [info] Snippets: No changes found during synchronizing snippets.
2022-12-22 14:54:39.914 [info] Tasks: No changes found during synchronizing tasks.
2022-12-22 14:54:39.919 [info] GlobalState: No changes found during synchronizing ui state.
2022-12-22 14:54:40.052 [info] Extensions: No changes found during synchronizing extensions.
2022-12-22 14:54:40.058 [info] Sync done. Took 780ms
