2023-01-02 16:45:08.561 [info] Extension host with pid 17486 started
2023-01-02 16:45:08.672 [info] ExtensionService#_doActivateExtension vscode.microsoft-authentication, startup: false, activationEvent: 'onAuthenticationRequest:microsoft'
2023-01-02 16:45:08.673 [info] ExtensionService#_doActivateExtension vscode.git-base, startup: true, activationEvent: '*', root cause: vscode.git
2023-01-02 16:45:08.674 [info] ExtensionService#_doActivateExtension formulahendry.auto-rename-tag, startup: true, activationEvent: '*'
2023-01-02 16:45:08.674 [info] ExtensionService#_doActivateExtension naumovs.color-highlight, startup: true, activationEvent: '*'
2023-01-02 16:45:08.674 [info] ExtensionService#_doActivateExtension TabNine.tabnine-vscode, startup: true, activationEvent: '*'
2023-01-02 16:45:09.163 [info] ExtensionService#_doActivateExtension vscode.git, startup: true, activationEvent: '*'
2023-01-02 16:45:09.163 [info] ExtensionService#_doActivateExtension vscode.github, startup: true, activationEvent: '*'
2023-01-02 16:45:09.300 [info] Extension host with pid 17534 started
2023-01-02 16:45:09.319 [info] ExtensionService#_doActivateExtension vscode.configuration-editing, startup: false, activationEvent: 'onLanguage:jsonc'
2023-01-02 16:45:09.319 [info] ExtensionService#_doActivateExtension vscode.json-language-features, startup: false, activationEvent: 'onLanguage:jsonc'
2023-01-02 16:45:09.320 [info] ExtensionService#_doActivateExtension vscode.typescript-language-features, startup: false, activationEvent: 'onLanguage:jsonc'
2023-01-02 16:45:09.321 [info] ExtensionService#_doActivateExtension dbaeumer.vscode-eslint, startup: false, activationEvent: 'onLanguage:jsonc'
2023-01-02 16:45:09.325 [info] ExtensionService#_doActivateExtension streetsidesoftware.code-spell-checker, startup: false, activationEvent: 'onLanguage:jsonc'
2023-01-02 16:45:09.372 [info] ExtensionService#_doActivateExtension asvetliakov.vscode-neovim, startup: true, activationEvent: '*'
2023-01-02 16:45:09.566 [info] Eager extensions activated
2023-01-02 16:45:09.750 [info] Eager extensions activated
2023-01-02 16:45:09.772 [info] ExtensionService#_doActivateExtension vscode.github-authentication, startup: false, activationEvent: 'onAuthenticationRequest:github'
2023-01-02 16:45:09.773 [info] ExtensionService#_doActivateExtension vscode.debug-auto-launch, startup: false, activationEvent: 'onStartupFinished'
2023-01-02 16:45:09.773 [info] ExtensionService#_doActivateExtension vscode.emmet, startup: false, activationEvent: 'onStartupFinished'
2023-01-02 16:45:09.773 [info] ExtensionService#_doActivateExtension vscode.merge-conflict, startup: false, activationEvent: 'onStartupFinished'
2023-01-02 16:45:09.773 [info] ExtensionService#_doActivateExtension eamodio.gitlens, startup: false, activationEvent: 'onStartupFinished'
2023-01-02 16:45:09.773 [info] ExtensionService#_doActivateExtension vscode.npm, startup: false, activationEvent: 'onStartupFinished', root cause: esbenp.prettier-vscode
2023-01-02 16:45:09.774 [info] ExtensionService#_doActivateExtension PKief.material-icon-theme, startup: false, activationEvent: 'onStartupFinished'
2023-01-02 16:45:09.774 [info] ExtensionService#_doActivateExtension zhuangtongfa.material-theme, startup: false, activationEvent: 'onStartupFinished'
2023-01-02 16:45:10.369 [info] ExtensionService#_doActivateExtension streetsidesoftware.code-spell-checker-portuguese, startup: false, activationEvent: 'onStartupFinished'
2023-01-02 16:45:10.369 [info] ExtensionService#_doActivateExtension streetsidesoftware.code-spell-checker-portuguese-brazilian, startup: false, activationEvent: 'onStartupFinished'
2023-01-02 16:45:10.473 [info] ExtensionService#_doActivateExtension esbenp.prettier-vscode, startup: false, activationEvent: 'onStartupFinished'
2023-01-02 16:45:13.974 [info] Extension host terminating: received terminate message from renderer
2023-01-02 16:45:13.978 [info] Extension host with pid 17534 exiting with code 0
2023-01-02 16:45:13.984 [info] Extension host terminating: received terminate message from renderer
2023-01-02 16:45:15.021 [info] Extension host with pid 17486 exiting with code 0
