2023-01-04 11:11:41.088 [info] Extension host with pid 7128 started
2023-01-04 11:11:41.088 [info] Skipping acquiring lock for /home/prado/.config/Code/User/workspaceStorage/2989dad35abb510a5b4bbf42aa62798c.
2023-01-04 11:11:41.101 [info] Extension host with pid 7093 started
2023-01-04 11:11:41.101 [info] Skipping acquiring lock for /home/prado/.config/Code/User/workspaceStorage/2989dad35abb510a5b4bbf42aa62798c.
2023-01-04 11:11:41.181 [info] ExtensionService#_doActivateExtension asvetliakov.vscode-neovim, startup: true, activationEvent: '*'
2023-01-04 11:11:41.186 [info] ExtensionService#_doActivateExtension vscode.html-language-features, startup: false, activationEvent: 'onLanguage:html'
2023-01-04 11:11:41.187 [info] ExtensionService#_doActivateExtension vscode.microsoft-authentication, startup: false, activationEvent: 'onAuthenticationRequest:microsoft'
2023-01-04 11:11:41.187 [info] ExtensionService#_doActivateExtension vscode.git-base, startup: true, activationEvent: '*', root cause: vscode.git
2023-01-04 11:11:41.187 [info] ExtensionService#_doActivateExtension formulahendry.auto-rename-tag, startup: true, activationEvent: '*'
2023-01-04 11:11:41.187 [info] ExtensionService#_doActivateExtension naumovs.color-highlight, startup: true, activationEvent: '*'
2023-01-04 11:11:41.187 [info] ExtensionService#_doActivateExtension TabNine.tabnine-vscode, startup: true, activationEvent: '*'
2023-01-04 11:11:41.357 [info] Eager extensions activated
2023-01-04 11:11:41.520 [info] ExtensionService#_doActivateExtension vscode.git, startup: true, activationEvent: '*'
2023-01-04 11:11:41.520 [info] ExtensionService#_doActivateExtension vscode.github, startup: true, activationEvent: '*'
2023-01-04 11:11:41.625 [info] ExtensionService#_doActivateExtension vscode.configuration-editing, startup: false, activationEvent: 'onLanguage:jsonc'
2023-01-04 11:11:41.626 [info] ExtensionService#_doActivateExtension vscode.json-language-features, startup: false, activationEvent: 'onLanguage:jsonc'
2023-01-04 11:11:41.626 [info] ExtensionService#_doActivateExtension vscode.typescript-language-features, startup: false, activationEvent: 'onLanguage:jsonc'
2023-01-04 11:11:41.626 [info] ExtensionService#_doActivateExtension dbaeumer.vscode-eslint, startup: false, activationEvent: 'onLanguage:jsonc'
2023-01-04 11:11:41.626 [info] ExtensionService#_doActivateExtension streetsidesoftware.code-spell-checker, startup: false, activationEvent: 'onLanguage:jsonc'
2023-01-04 11:11:41.947 [info] Eager extensions activated
2023-01-04 11:11:41.988 [info] ExtensionService#_doActivateExtension vscode.github-authentication, startup: false, activationEvent: 'onAuthenticationRequest:github'
2023-01-04 11:11:41.988 [info] ExtensionService#_doActivateExtension vscode.debug-auto-launch, startup: false, activationEvent: 'onStartupFinished'
2023-01-04 11:11:41.988 [info] ExtensionService#_doActivateExtension vscode.emmet, startup: false, activationEvent: 'onStartupFinished'
2023-01-04 11:11:41.988 [info] ExtensionService#_doActivateExtension vscode.merge-conflict, startup: false, activationEvent: 'onStartupFinished'
2023-01-04 11:11:41.989 [info] ExtensionService#_doActivateExtension eamodio.gitlens, startup: false, activationEvent: 'onStartupFinished'
2023-01-04 11:11:41.989 [info] ExtensionService#_doActivateExtension vscode.npm, startup: false, activationEvent: 'onStartupFinished', root cause: esbenp.prettier-vscode
2023-01-04 11:11:41.989 [info] ExtensionService#_doActivateExtension PKief.material-icon-theme, startup: false, activationEvent: 'onStartupFinished'
2023-01-04 11:11:41.989 [info] ExtensionService#_doActivateExtension zhuangtongfa.material-theme, startup: false, activationEvent: 'onStartupFinished'
2023-01-04 11:11:42.357 [info] ExtensionService#_doActivateExtension esbenp.prettier-vscode, startup: false, activationEvent: 'onStartupFinished'
2023-01-04 11:11:42.518 [info] ExtensionService#_doActivateExtension streetsidesoftware.code-spell-checker-portuguese, startup: false, activationEvent: 'onStartupFinished'
2023-01-04 11:11:42.518 [info] ExtensionService#_doActivateExtension streetsidesoftware.code-spell-checker-portuguese-brazilian, startup: false, activationEvent: 'onStartupFinished'
2023-01-04 12:20:25.765 [info] ExtensionService#_doActivateExtension VSpaceCode.whichkey, startup: false, activationEvent: 'onCommand:whichkey.show'
2023-01-04 12:26:09.234 [info] ExtensionService#_doActivateExtension vscode.css-language-features, startup: false, activationEvent: 'onLanguage:scss'
2023-01-04 12:26:56.318 [info] Extension host terminating: received terminate message from renderer
2023-01-04 12:26:56.320 [info] Extension host with pid 7128 exiting with code 0
2023-01-04 12:26:56.326 [info] Extension host terminating: received terminate message from renderer
2023-01-04 12:26:57.145 [info] Extension host with pid 7093 exiting with code 0
2023-01-04 12:26:58.387 [info] Extension host with pid 16623 started
2023-01-04 12:26:58.387 [info] Skipping acquiring lock for /home/prado/.config/Code/User/workspaceStorage/2989dad35abb510a5b4bbf42aa62798c.
2023-01-04 12:26:58.665 [info] ExtensionService#_doActivateExtension vscode.css-language-features, startup: false, activationEvent: 'onLanguage:scss'
2023-01-04 12:26:58.666 [info] ExtensionService#_doActivateExtension vscode.microsoft-authentication, startup: false, activationEvent: 'onAuthenticationRequest:microsoft'
2023-01-04 12:26:58.666 [info] ExtensionService#_doActivateExtension vscode.git-base, startup: true, activationEvent: '*', root cause: vscode.git
2023-01-04 12:26:58.666 [info] ExtensionService#_doActivateExtension formulahendry.auto-rename-tag, startup: true, activationEvent: '*'
2023-01-04 12:26:58.666 [info] ExtensionService#_doActivateExtension naumovs.color-highlight, startup: true, activationEvent: '*'
2023-01-04 12:26:58.666 [info] ExtensionService#_doActivateExtension TabNine.tabnine-vscode, startup: true, activationEvent: '*'
2023-01-04 12:26:58.690 [info] Extension host with pid 16654 started
2023-01-04 12:26:58.690 [info] Skipping acquiring lock for /home/prado/.config/Code/User/workspaceStorage/2989dad35abb510a5b4bbf42aa62798c.
2023-01-04 12:26:58.895 [info] ExtensionService#_doActivateExtension asvetliakov.vscode-neovim, startup: true, activationEvent: '*'
2023-01-04 12:26:59.026 [info] ExtensionService#_doActivateExtension vscode.git, startup: true, activationEvent: '*'
2023-01-04 12:26:59.026 [info] ExtensionService#_doActivateExtension vscode.github, startup: true, activationEvent: '*'
2023-01-04 12:26:59.027 [info] ExtensionService#_doActivateExtension vscode.configuration-editing, startup: false, activationEvent: 'onLanguage:jsonc'
2023-01-04 12:26:59.027 [info] ExtensionService#_doActivateExtension vscode.json-language-features, startup: false, activationEvent: 'onLanguage:jsonc'
2023-01-04 12:26:59.027 [info] ExtensionService#_doActivateExtension vscode.typescript-language-features, startup: false, activationEvent: 'onLanguage:jsonc'
2023-01-04 12:26:59.027 [info] ExtensionService#_doActivateExtension dbaeumer.vscode-eslint, startup: false, activationEvent: 'onLanguage:jsonc'
2023-01-04 12:26:59.028 [info] ExtensionService#_doActivateExtension streetsidesoftware.code-spell-checker, startup: false, activationEvent: 'onLanguage:jsonc'
2023-01-04 12:26:59.081 [info] Eager extensions activated
2023-01-04 12:26:59.417 [info] Eager extensions activated
2023-01-04 12:26:59.438 [info] ExtensionService#_doActivateExtension vscode.github-authentication, startup: false, activationEvent: 'onAuthenticationRequest:github'
2023-01-04 12:26:59.479 [info] ExtensionService#_doActivateExtension vscode.debug-auto-launch, startup: false, activationEvent: 'onStartupFinished'
2023-01-04 12:26:59.480 [info] ExtensionService#_doActivateExtension vscode.emmet, startup: false, activationEvent: 'onStartupFinished'
2023-01-04 12:26:59.480 [info] ExtensionService#_doActivateExtension vscode.merge-conflict, startup: false, activationEvent: 'onStartupFinished'
2023-01-04 12:26:59.480 [info] ExtensionService#_doActivateExtension eamodio.gitlens, startup: false, activationEvent: 'onStartupFinished'
2023-01-04 12:26:59.480 [info] ExtensionService#_doActivateExtension vscode.npm, startup: false, activationEvent: 'onStartupFinished', root cause: esbenp.prettier-vscode
2023-01-04 12:26:59.480 [info] ExtensionService#_doActivateExtension PKief.material-icon-theme, startup: false, activationEvent: 'onStartupFinished'
2023-01-04 12:26:59.480 [info] ExtensionService#_doActivateExtension zhuangtongfa.material-theme, startup: false, activationEvent: 'onStartupFinished'
2023-01-04 12:26:59.865 [info] ExtensionService#_doActivateExtension streetsidesoftware.code-spell-checker-portuguese, startup: false, activationEvent: 'onStartupFinished'
2023-01-04 12:26:59.865 [info] ExtensionService#_doActivateExtension streetsidesoftware.code-spell-checker-portuguese-brazilian, startup: false, activationEvent: 'onStartupFinished'
2023-01-04 12:26:59.866 [info] ExtensionService#_doActivateExtension esbenp.prettier-vscode, startup: false, activationEvent: 'onStartupFinished'
2023-01-04 12:27:22.754 [info] ExtensionService#_doActivateExtension VSpaceCode.whichkey, startup: false, activationEvent: 'onCommand:whichkey.show'
2023-01-04 12:28:27.537 [info] ExtensionService#_doActivateExtension vscode.html-language-features, startup: false, activationEvent: 'onLanguage:html'
2023-01-04 15:24:56.108 [info] Extension host terminating: received terminate message from renderer
2023-01-04 15:24:56.111 [info] Extension host with pid 16654 exiting with code 0
2023-01-04 15:24:56.114 [info] Extension host terminating: received terminate message from renderer
2023-01-04 15:24:56.182 [error] Error: read ECONNRESET
    at Pipe.onStreamRead (node:internal/stream_base_commons:217:20)
2023-01-04 15:24:56.847 [info] Extension host with pid 16623 exiting with code 0
