2023-01-03 12:30:43.353 [info] Reading sessions from keychain...
2023-01-03 12:30:43.353 [info] Getting sessions for user:email...
2023-01-03 12:30:43.353 [info] Getting sessions for all scopes...
2023-01-03 12:30:43.353 [info] Got stored sessions!
2023-01-03 12:30:43.353 [info] Got 1 verified sessions.
2023-01-03 12:30:43.353 [info] Got 1 sessions for user:email...
2023-01-03 12:30:43.353 [info] Got 1 sessions for ...
2023-01-03 12:30:43.438 [info] Getting sessions for all scopes...
2023-01-03 12:30:43.439 [info] Got 1 sessions for ...
2023-01-03 12:30:45.641 [info] Getting sessions for all scopes...
2023-01-03 12:30:45.641 [info] Got 1 sessions for ...
2023-01-03 12:31:03.206 [info] Reading sessions from keychain...
2023-01-03 12:31:03.206 [info] Getting sessions for user:email...
2023-01-03 12:31:03.206 [info] Getting sessions for all scopes...
2023-01-03 12:31:03.206 [info] Got stored sessions!
2023-01-03 12:31:03.206 [info] Got 1 verified sessions.
2023-01-03 12:31:03.206 [info] Got 1 sessions for user:email...
2023-01-03 12:31:03.206 [info] Got 1 sessions for ...
2023-01-03 12:31:03.326 [info] Getting sessions for all scopes...
2023-01-03 12:31:03.326 [info] Got 1 sessions for ...
2023-01-03 12:31:09.517 [info] Getting sessions for all scopes...
2023-01-03 12:31:09.517 [info] Got 1 sessions for ...
