2022-12-21 19:10:25.527 [info] Using settings sync service https://vscode-sync.trafficmanager.net/
2022-12-21 19:10:25.527 [info] Auto Sync is enabled.
2022-12-21 19:10:25.527 [info] Auto Sync: Suspended until auth token is available.
2022-12-21 19:10:27.378 [info] Auto Sync: Triggered by Interval
2022-12-21 19:10:27.378 [info] Sync started.
2022-12-21 19:10:28.853 [info] Profiles: No changes found during synchronizing profiles.
2022-12-21 19:10:28.972 [info] Settings: No changes found during synchronizing settings.
2022-12-21 19:10:28.988 [info] Keybindings: No changes found during synchronizing keybindings.
2022-12-21 19:10:28.996 [info] Snippets: No changes found during synchronizing snippets.
2022-12-21 19:10:29.004 [info] Tasks: No changes found during synchronizing tasks.
2022-12-21 19:10:29.015 [info] GlobalState: No changes found during synchronizing ui state.
2022-12-21 19:10:29.134 [info] Extensions: No changes found during synchronizing extensions.
2022-12-21 19:10:29.139 [info] Sync done. Took 1762ms
2022-12-21 19:10:37.685 [info] Auto Sync: Triggered by Activity
2022-12-21 19:10:37.686 [info] Sync started.
2022-12-21 19:10:38.327 [info] Profiles: No changes found during synchronizing profiles.
2022-12-21 19:10:38.396 [info] Settings: No changes found during synchronizing settings.
2022-12-21 19:10:38.401 [info] Keybindings: No changes found during synchronizing keybindings.
2022-12-21 19:10:38.406 [info] Snippets: No changes found during synchronizing snippets.
2022-12-21 19:10:38.409 [info] Tasks: No changes found during synchronizing tasks.
2022-12-21 19:10:38.415 [info] GlobalState: No changes found during synchronizing ui state.
2022-12-21 19:10:39.593 [info] Extensions: Updated remote extensions. Updated: ["eamodio.gitlens"].
2022-12-21 19:10:39.608 [info] Extensions: Updated last synchronized extensions.
2022-12-21 19:10:39.623 [info] Sync done. Took 1942ms
