2023-01-04 15:24:51.607 [info] Added views:workbench.panel.markers.view in workbench.panel.markers
2023-01-04 15:24:51.607 [info] Added views:workbench.panel.output in workbench.panel.output
2023-01-04 15:24:51.607 [info] Added views:terminal in terminal
2023-01-04 15:24:51.607 [info] Added views:outline in workbench.view.explorer
2023-01-04 15:24:51.607 [info] Added views:workbench.scm in workbench.view.scm
2023-01-04 15:24:51.607 [info] Added views:workbench.view.search in workbench.view.search
2023-01-04 15:24:51.607 [info] Added views:timeline in workbench.view.explorer
2023-01-04 15:24:51.607 [info] Added views:workbench.explorer.fileView in workbench.view.explorer
2023-01-04 15:24:51.607 [info] Added views:workbench.debug.variablesView,workbench.debug.watchExpressionsView,workbench.debug.callStackView,workbench.debug.breakPointsView in workbench.view.debug
2023-01-04 15:24:51.980 [info] Added views:gitlens.views.home in workbench.view.extension.gitlens
2023-01-04 15:24:51.982 [info] Added views:gitlens.views.commits,gitlens.views.commitDetails,gitlens.views.fileHistory,gitlens.views.branches,gitlens.views.remotes,gitlens.views.stashes,gitlens.views.tags,gitlens.views.searchAndCompare in workbench.view.scm
2023-01-04 15:24:51.983 [info] Added views:cell-tag in workbench.view.extension.jupyter
2023-01-04 15:24:52.561 [info] Added views:workbench.panel.repl.view in workbench.panel.repl
2023-01-04 15:24:52.563 [info] Removed views:workbench.debug.breakPointsView,workbench.debug.callStackView,workbench.debug.watchExpressionsView,workbench.debug.variablesView from workbench.view.debug
2023-01-04 15:24:52.563 [info] Added views:workbench.debug.welcome in workbench.view.debug
2023-01-04 15:24:52.786 [info] Added views:workbench.panel.comments in workbench.panel.comments
2023-01-04 15:24:53.483 [info] Added views:gitlens.views.timeline in workbench.view.extension.gitlensPanel
2023-01-04 15:24:53.486 [info] Added views:gitlens.views.worktrees in workbench.view.scm
2023-01-04 15:24:53.501 [info] Removed views:gitlens.views.searchAndCompare,gitlens.views.worktrees,gitlens.views.tags,gitlens.views.stashes,gitlens.views.remotes,gitlens.views.branches,gitlens.views.fileHistory,gitlens.views.commitDetails,gitlens.views.commits from workbench.view.scm
2023-01-04 15:24:53.502 [info] Removed views:gitlens.views.timeline from workbench.view.extension.gitlensPanel
2023-01-04 15:24:53.642 [info] Added views:tabnine-home in workbench.view.extension.tabnine-access
2023-01-04 15:24:53.643 [info] Added views:tabnine-notifications in workbench.view.extension.tabnine-access
2023-01-04 15:24:53.644 [info] Added views:tabnine-today in workbench.view.extension.tabnine-access
